[0.079s] Invoking command in '/home/xiatenghui/saber_joint_controller/build/saber_control': CMAKE_PREFIX_PATH=${CMAKE_PREFIX_PATH}:/opt/ros/jazzy /usr/bin/cmake --build /home/xiatenghui/saber_joint_controller/build/saber_control -- -j8 -l8
[0.450s] [ 33%] Built target saber_joint_controller
[0.461s] [ 66%] Built target saber_dynamics_identification
[0.557s] [ 73%] [32mBuilding CXX object CMakeFiles/saber_gravity_compensation.dir/src/saber_gravity_compensation.cpp.o[0m
[16.574s] [01m[K/home/xiatenghui/saber_joint_controller/src/saber_control/src/saber_gravity_compensation.cpp:[m[K In member function ‘[01m[Krclcpp_action::GoalResponse saber_joint_controller::[01;32m[Khandle_goal[m[K(const rclcpp_action::GoalUUID&, std::shared_ptr<const control_msgs::action::FollowJointTrajectory_Goal_<std::allocator<void> > >)[m[K’:
[16.575s] [01m[K/home/xiatenghui/saber_joint_controller/src/saber_control/src/saber_gravity_compensation.cpp:169:44:[m[K [01;35m[Kwarning: [m[Kunused parameter ‘[01m[Kuuid[m[K’ [[01;35m[K]8;;https://gcc.gnu.org/onlinedocs/gcc/Warning-Options.html#index-Wunused-parameter-Wunused-parameter]8;;[m[K]
[16.576s]   169 |             [01;35m[Kconst rclcpp_action::GoalUUID& uuid[m[K,
[16.577s]       |             [01;35m[K~~~~~~~~~~~~~~~~~~~~~~~~~~~~~~~^~~~[m[K
[16.578s] [01m[K/home/xiatenghui/saber_joint_controller/src/saber_control/src/saber_gravity_compensation.cpp:[m[K In member function ‘[01m[Krclcpp_action::CancelResponse saber_joint_controller::[01;32m[Khandle_cancel[m[K(std::shared_ptr<rclcpp_action::ServerGoalHandle<control_msgs::action::FollowJointTrajectory> >)[m[K’:
[16.578s] [01m[K/home/xiatenghui/saber_joint_controller/src/saber_control/src/saber_gravity_compensation.cpp:191:47:[m[K [01;35m[Kwarning: [m[Kunused parameter ‘[01m[Kgoal_handle[m[K’ [[01;35m[K]8;;https://gcc.gnu.org/onlinedocs/gcc/Warning-Options.html#index-Wunused-parameter-Wunused-parameter]8;;[m[K]
[16.580s]   191 |             [01;35m[Kconst std::shared_ptr<GoalHandle> goal_handle[m[K)
[16.580s]       |             [01;35m[K~~~~~~~~~~~~~~~~~~~~~~~~~~~~~~~~~~^~~~~~~~~~~[m[K
[33.014s] [ 80%] [32m[1mLinking CXX executable saber_gravity_compensation[0m
[35.052s] [100%] Built target saber_gravity_compensation
[35.100s] Invoked command in '/home/xiatenghui/saber_joint_controller/build/saber_control' returned '0': CMAKE_PREFIX_PATH=${CMAKE_PREFIX_PATH}:/opt/ros/jazzy /usr/bin/cmake --build /home/xiatenghui/saber_joint_controller/build/saber_control -- -j8 -l8
[35.148s] Invoking command in '/home/xiatenghui/saber_joint_controller/build/saber_control': CMAKE_PREFIX_PATH=${CMAKE_PREFIX_PATH}:/opt/ros/jazzy /usr/bin/cmake --install /home/xiatenghui/saber_joint_controller/build/saber_control
[35.185s] -- Install configuration: ""
[35.187s] -- Up-to-date: /home/xiatenghui/saber_joint_controller/install/saber_control/lib/saber_control/saber_joint_controller
[35.193s] -- Up-to-date: /home/xiatenghui/saber_joint_controller/install/saber_control/lib/saber_control/saber_dynamics_identification
[35.194s] -- Installing: /home/xiatenghui/saber_joint_controller/install/saber_control/lib/saber_control/saber_gravity_compensation
[35.256s] -- Set non-toolchain portion of runtime path of "/home/xiatenghui/saber_joint_controller/install/saber_control/lib/saber_control/saber_gravity_compensation" to ""
[35.257s] -- Up-to-date: /home/xiatenghui/saber_joint_controller/install/saber_control/share/ament_index/resource_index/package_run_dependencies/saber_control
[35.258s] -- Up-to-date: /home/xiatenghui/saber_joint_controller/install/saber_control/share/ament_index/resource_index/parent_prefix_path/saber_control
[35.259s] -- Up-to-date: /home/xiatenghui/saber_joint_controller/install/saber_control/share/saber_control/environment/ament_prefix_path.sh
[35.260s] -- Up-to-date: /home/xiatenghui/saber_joint_controller/install/saber_control/share/saber_control/environment/ament_prefix_path.dsv
[35.260s] -- Up-to-date: /home/xiatenghui/saber_joint_controller/install/saber_control/share/saber_control/environment/path.sh
[35.261s] -- Up-to-date: /home/xiatenghui/saber_joint_controller/install/saber_control/share/saber_control/environment/path.dsv
[35.262s] -- Up-to-date: /home/xiatenghui/saber_joint_controller/install/saber_control/share/saber_control/local_setup.bash
[35.262s] -- Up-to-date: /home/xiatenghui/saber_joint_controller/install/saber_control/share/saber_control/local_setup.sh
[35.262s] -- Up-to-date: /home/xiatenghui/saber_joint_controller/install/saber_control/share/saber_control/local_setup.zsh
[35.263s] -- Up-to-date: /home/xiatenghui/saber_joint_controller/install/saber_control/share/saber_control/local_setup.dsv
[35.263s] -- Installing: /home/xiatenghui/saber_joint_controller/install/saber_control/share/saber_control/package.dsv
[35.265s] -- Up-to-date: /home/xiatenghui/saber_joint_controller/install/saber_control/share/ament_index/resource_index/packages/saber_control
[35.268s] -- Up-to-date: /home/xiatenghui/saber_joint_controller/install/saber_control/share/saber_control/cmake/saber_controlConfig.cmake
[35.270s] -- Up-to-date: /home/xiatenghui/saber_joint_controller/install/saber_control/share/saber_control/cmake/saber_controlConfig-version.cmake
[35.273s] -- Up-to-date: /home/xiatenghui/saber_joint_controller/install/saber_control/share/saber_control/package.xml
[35.274s] Invoked command in '/home/xiatenghui/saber_joint_controller/build/saber_control' returned '0': CMAKE_PREFIX_PATH=${CMAKE_PREFIX_PATH}:/opt/ros/jazzy /usr/bin/cmake --install /home/xiatenghui/saber_joint_controller/build/saber_control
