[0.517s] DEBUG:colcon:Command line arguments: ['/usr/bin/colcon', 'build']
[0.517s] DEBUG:colcon:Parsed command line arguments: Namespace(log_base=None, log_level=None, verb_name='build', build_base='build', install_base='install', merge_install=False, symlink_install=False, test_result_base=None, continue_on_error=False, executor='parallel', parallel_workers=8, event_handlers=None, ignore_user_meta=False, metas=['./colcon.meta'], base_paths=['.'], packages_ignore=None, packages_ignore_regex=None, paths=None, packages_up_to=None, packages_up_to_regex=None, packages_above=None, packages_above_and_dependencies=None, packages_above_depth=None, packages_select_by_dep=None, packages_skip_by_dep=None, packages_skip_up_to=None, packages_select_build_failed=False, packages_skip_build_finished=False, packages_select_test_failures=False, packages_skip_test_passed=False, packages_select=None, packages_skip=None, packages_select_regex=None, packages_skip_regex=None, packages_start=None, packages_end=None, cmake_args=None, cmake_target=None, cmake_target_skip_unavailable=False, cmake_clean_cache=False, cmake_clean_first=False, cmake_force_configure=False, ament_cmake_args=None, catkin_cmake_args=None, catkin_skip_building_tests=False, mixin_files=None, mixin=None, verb_parser=<colcon_mixin.mixin.mixin_argument.MixinArgumentDecorator object at 0xffffab6a5250>, verb_extension=<colcon_core.verb.build.BuildVerb object at 0xffffab8894c0>, main=<bound method BuildVerb.main of <colcon_core.verb.build.BuildVerb object at 0xffffab8894c0>>, mixin_verb=('build',))
[0.678s] Level 1:colcon.colcon_core.package_discovery:discover_packages(colcon_meta) check parameters
[0.680s] INFO:colcon.colcon_metadata.package_discovery.colcon_meta:Using configuration from '/root/.colcon/metadata/default/Gazebo.meta'
[0.682s] INFO:colcon.colcon_metadata.package_discovery.colcon_meta:Using configuration from '/root/.colcon/metadata/default/fastdds.meta'
[0.684s] INFO:colcon.colcon_metadata.package_discovery.colcon_meta:Using configuration from '/root/.colcon/metadata/default/fastrtps.meta'
[0.684s] Level 1:colcon.colcon_core.package_discovery:discover_packages(recursive) check parameters
[0.684s] Level 1:colcon.colcon_core.package_discovery:discover_packages(ignore) check parameters
[0.685s] Level 1:colcon.colcon_core.package_discovery:discover_packages(path) check parameters
[0.685s] Level 1:colcon.colcon_core.package_discovery:discover_packages(colcon_meta) discover
[0.685s] Level 1:colcon.colcon_core.package_discovery:discover_packages(recursive) discover
[0.685s] INFO:colcon.colcon_core.package_discovery:Crawling recursively for packages in '/home/xiatenghui/saber_joint_controller'
[0.686s] Level 1:colcon.colcon_core.package_identification:_identify(.) by extensions ['ignore', 'ignore_ament_install']
[0.687s] Level 1:colcon.colcon_core.package_identification:_identify(.) by extension 'ignore'
[0.687s] Level 1:colcon.colcon_core.package_identification:_identify(.) by extension 'ignore_ament_install'
[0.687s] Level 1:colcon.colcon_core.package_identification:_identify(.) by extensions ['colcon_pkg']
[0.688s] Level 1:colcon.colcon_core.package_identification:_identify(.) by extension 'colcon_pkg'
[0.688s] Level 1:colcon.colcon_core.package_identification:_identify(.) by extensions ['colcon_meta']
[0.688s] Level 1:colcon.colcon_core.package_identification:_identify(.) by extension 'colcon_meta'
[0.688s] Level 1:colcon.colcon_core.package_identification:_identify(.) by extensions ['ros']
[0.688s] Level 1:colcon.colcon_core.package_identification:_identify(.) by extension 'ros'
[0.805s] Level 1:colcon.colcon_core.package_identification:_identify(.) by extensions ['cmake', 'python']
[0.806s] Level 1:colcon.colcon_core.package_identification:_identify(.) by extension 'cmake'
[0.806s] Level 1:colcon.colcon_core.package_identification:_identify(.) by extension 'python'
[0.806s] Level 1:colcon.colcon_core.package_identification:_identify(.) by extensions ['python_setup_py']
[0.806s] Level 1:colcon.colcon_core.package_identification:_identify(.) by extension 'python_setup_py'
[0.807s] Level 1:colcon.colcon_core.package_identification:_identify(build) by extensions ['ignore', 'ignore_ament_install']
[0.807s] Level 1:colcon.colcon_core.package_identification:_identify(build) by extension 'ignore'
[0.807s] Level 1:colcon.colcon_core.package_identification:_identify(build) ignored
[0.808s] Level 1:colcon.colcon_core.package_identification:_identify(install) by extensions ['ignore', 'ignore_ament_install']
[0.808s] Level 1:colcon.colcon_core.package_identification:_identify(install) by extension 'ignore'
[0.809s] Level 1:colcon.colcon_core.package_identification:_identify(install) ignored
[0.809s] Level 1:colcon.colcon_core.package_identification:_identify(log) by extensions ['ignore', 'ignore_ament_install']
[0.809s] Level 1:colcon.colcon_core.package_identification:_identify(log) by extension 'ignore'
[0.809s] Level 1:colcon.colcon_core.package_identification:_identify(log) ignored
[0.810s] Level 1:colcon.colcon_core.package_identification:_identify(src) by extensions ['ignore', 'ignore_ament_install']
[0.810s] Level 1:colcon.colcon_core.package_identification:_identify(src) by extension 'ignore'
[0.810s] Level 1:colcon.colcon_core.package_identification:_identify(src) by extension 'ignore_ament_install'
[0.811s] Level 1:colcon.colcon_core.package_identification:_identify(src) by extensions ['colcon_pkg']
[0.811s] Level 1:colcon.colcon_core.package_identification:_identify(src) by extension 'colcon_pkg'
[0.811s] Level 1:colcon.colcon_core.package_identification:_identify(src) by extensions ['colcon_meta']
[0.811s] Level 1:colcon.colcon_core.package_identification:_identify(src) by extension 'colcon_meta'
[0.811s] Level 1:colcon.colcon_core.package_identification:_identify(src) by extensions ['ros']
[0.811s] Level 1:colcon.colcon_core.package_identification:_identify(src) by extension 'ros'
[0.812s] Level 1:colcon.colcon_core.package_identification:_identify(src) by extensions ['cmake', 'python']
[0.812s] Level 1:colcon.colcon_core.package_identification:_identify(src) by extension 'cmake'
[0.812s] Level 1:colcon.colcon_core.package_identification:_identify(src) by extension 'python'
[0.812s] Level 1:colcon.colcon_core.package_identification:_identify(src) by extensions ['python_setup_py']
[0.813s] Level 1:colcon.colcon_core.package_identification:_identify(src) by extension 'python_setup_py'
[0.813s] Level 1:colcon.colcon_core.package_identification:_identify(src/saber_control) by extensions ['ignore', 'ignore_ament_install']
[0.813s] Level 1:colcon.colcon_core.package_identification:_identify(src/saber_control) by extension 'ignore'
[0.814s] Level 1:colcon.colcon_core.package_identification:_identify(src/saber_control) by extension 'ignore_ament_install'
[0.814s] Level 1:colcon.colcon_core.package_identification:_identify(src/saber_control) by extensions ['colcon_pkg']
[0.814s] Level 1:colcon.colcon_core.package_identification:_identify(src/saber_control) by extension 'colcon_pkg'
[0.814s] Level 1:colcon.colcon_core.package_identification:_identify(src/saber_control) by extensions ['colcon_meta']
[0.814s] Level 1:colcon.colcon_core.package_identification:_identify(src/saber_control) by extension 'colcon_meta'
[0.814s] Level 1:colcon.colcon_core.package_identification:_identify(src/saber_control) by extensions ['ros']
[0.815s] Level 1:colcon.colcon_core.package_identification:_identify(src/saber_control) by extension 'ros'
[0.824s] DEBUG:colcon.colcon_core.package_identification:Package 'src/saber_control' with type 'ros.ament_cmake' and name 'saber_control'
[0.825s] Level 1:colcon.colcon_core.package_discovery:discover_packages(recursive) using defaults
[0.825s] Level 1:colcon.colcon_core.package_discovery:discover_packages(ignore) discover
[0.825s] Level 1:colcon.colcon_core.package_discovery:discover_packages(ignore) using defaults
[0.825s] Level 1:colcon.colcon_core.package_discovery:discover_packages(path) discover
[0.825s] Level 1:colcon.colcon_core.package_discovery:discover_packages(path) using defaults
[0.893s] Level 5:colcon.colcon_core.verb:set package 'saber_control' build argument 'cmake_args' from command line to 'None'
[0.893s] Level 5:colcon.colcon_core.verb:set package 'saber_control' build argument 'cmake_target' from command line to 'None'
[0.894s] Level 5:colcon.colcon_core.verb:set package 'saber_control' build argument 'cmake_target_skip_unavailable' from command line to 'False'
[0.894s] Level 5:colcon.colcon_core.verb:set package 'saber_control' build argument 'cmake_clean_cache' from command line to 'False'
[0.894s] Level 5:colcon.colcon_core.verb:set package 'saber_control' build argument 'cmake_clean_first' from command line to 'False'
[0.894s] Level 5:colcon.colcon_core.verb:set package 'saber_control' build argument 'cmake_force_configure' from command line to 'False'
[0.894s] Level 5:colcon.colcon_core.verb:set package 'saber_control' build argument 'ament_cmake_args' from command line to 'None'
[0.894s] Level 5:colcon.colcon_core.verb:set package 'saber_control' build argument 'catkin_cmake_args' from command line to 'None'
[0.894s] Level 5:colcon.colcon_core.verb:set package 'saber_control' build argument 'catkin_skip_building_tests' from command line to 'False'
[0.894s] DEBUG:colcon.colcon_core.verb:Building package 'saber_control' with the following arguments: {'ament_cmake_args': None, 'build_base': '/home/xiatenghui/saber_joint_controller/build/saber_control', 'catkin_cmake_args': None, 'catkin_skip_building_tests': False, 'cmake_args': None, 'cmake_clean_cache': False, 'cmake_clean_first': False, 'cmake_force_configure': False, 'cmake_target': None, 'cmake_target_skip_unavailable': False, 'install_base': '/home/xiatenghui/saber_joint_controller/install/saber_control', 'merge_install': False, 'path': '/home/xiatenghui/saber_joint_controller/src/saber_control', 'symlink_install': False, 'test_result_base': None}
[0.895s] INFO:colcon.colcon_core.executor:Executing jobs using 'parallel' executor
[0.898s] DEBUG:colcon.colcon_parallel_executor.executor.parallel:run_until_complete
[0.899s] INFO:colcon.colcon_ros.task.ament_cmake.build:Building ROS package in '/home/xiatenghui/saber_joint_controller/src/saber_control' with build type 'ament_cmake'
[0.900s] INFO:colcon.colcon_cmake.task.cmake.build:Building CMake package in '/home/xiatenghui/saber_joint_controller/src/saber_control'
[0.909s] INFO:colcon.colcon_core.plugin_system:Skipping extension 'colcon_core.shell.bat': Not used on non-Windows systems
[0.910s] INFO:colcon.colcon_core.shell:Skip shell extension 'powershell' for command environment: Not usable outside of PowerShell
[0.911s] DEBUG:colcon.colcon_core.shell:Skip shell extension 'dsv' for command environment
[0.960s] DEBUG:colcon.colcon_core.event_handler.log_command:Invoking command in '/home/xiatenghui/saber_joint_controller/build/saber_control': CMAKE_PREFIX_PATH=${CMAKE_PREFIX_PATH}:/opt/ros/jazzy /usr/bin/cmake --build /home/xiatenghui/saber_joint_controller/build/saber_control -- -j8 -l8
[32.994s] DEBUG:colcon.colcon_core.event_handler.log_command:Invoked command in '/home/xiatenghui/saber_joint_controller/build/saber_control' returned '0': CMAKE_PREFIX_PATH=${CMAKE_PREFIX_PATH}:/opt/ros/jazzy /usr/bin/cmake --build /home/xiatenghui/saber_joint_controller/build/saber_control -- -j8 -l8
[33.039s] DEBUG:colcon.colcon_core.event_handler.log_command:Invoking command in '/home/xiatenghui/saber_joint_controller/build/saber_control': CMAKE_PREFIX_PATH=${CMAKE_PREFIX_PATH}:/opt/ros/jazzy /usr/bin/cmake --install /home/xiatenghui/saber_joint_controller/build/saber_control
[33.139s] Level 1:colcon.colcon_core.environment:create_environment_scripts_only(saber_control)
[33.147s] DEBUG:colcon.colcon_core.event_handler.log_command:Invoked command in '/home/xiatenghui/saber_joint_controller/build/saber_control' returned '0': CMAKE_PREFIX_PATH=${CMAKE_PREFIX_PATH}:/opt/ros/jazzy /usr/bin/cmake --install /home/xiatenghui/saber_joint_controller/build/saber_control
[33.155s] Level 1:colcon.colcon_core.environment:checking '/home/xiatenghui/saber_joint_controller/install/saber_control' for CMake module files
[33.158s] Level 1:colcon.colcon_core.environment:checking '/home/xiatenghui/saber_joint_controller/install/saber_control' for CMake config files
[33.160s] Level 1:colcon.colcon_core.shell:create_environment_hook('saber_control', 'cmake_prefix_path')
[33.160s] INFO:colcon.colcon_core.shell:Creating environment hook '/home/xiatenghui/saber_joint_controller/install/saber_control/share/saber_control/hook/cmake_prefix_path.ps1'
[33.163s] INFO:colcon.colcon_core.shell:Creating environment descriptor '/home/xiatenghui/saber_joint_controller/install/saber_control/share/saber_control/hook/cmake_prefix_path.dsv'
[33.165s] INFO:colcon.colcon_core.shell:Creating environment hook '/home/xiatenghui/saber_joint_controller/install/saber_control/share/saber_control/hook/cmake_prefix_path.sh'
[33.169s] Level 1:colcon.colcon_core.environment:checking '/home/xiatenghui/saber_joint_controller/install/saber_control/lib'
[33.170s] Level 1:colcon.colcon_core.environment:checking '/home/xiatenghui/saber_joint_controller/install/saber_control/bin'
[33.170s] Level 1:colcon.colcon_core.environment:checking '/home/xiatenghui/saber_joint_controller/install/saber_control/lib/pkgconfig/saber_control.pc'
[33.178s] Level 1:colcon.colcon_core.environment:checking '/home/xiatenghui/saber_joint_controller/install/saber_control/lib/python3.12/site-packages'
[33.179s] Level 1:colcon.colcon_core.environment:checking '/home/xiatenghui/saber_joint_controller/install/saber_control/bin'
[33.180s] INFO:colcon.colcon_core.shell:Creating package script '/home/xiatenghui/saber_joint_controller/install/saber_control/share/saber_control/package.ps1'
[33.183s] INFO:colcon.colcon_core.shell:Creating package descriptor '/home/xiatenghui/saber_joint_controller/install/saber_control/share/saber_control/package.dsv'
[33.185s] INFO:colcon.colcon_core.shell:Creating package script '/home/xiatenghui/saber_joint_controller/install/saber_control/share/saber_control/package.sh'
[33.188s] INFO:colcon.colcon_core.shell:Creating package script '/home/xiatenghui/saber_joint_controller/install/saber_control/share/saber_control/package.bash'
[33.191s] INFO:colcon.colcon_core.shell:Creating package script '/home/xiatenghui/saber_joint_controller/install/saber_control/share/saber_control/package.zsh'
[33.193s] Level 1:colcon.colcon_core.environment:create_file_with_runtime_dependencies(/home/xiatenghui/saber_joint_controller/install/saber_control/share/colcon-core/packages/saber_control)
[33.196s] Level 1:colcon.colcon_core.environment:create_environment_scripts_only(saber_control)
[33.196s] Level 1:colcon.colcon_core.environment:checking '/home/xiatenghui/saber_joint_controller/install/saber_control' for CMake module files
[33.199s] Level 1:colcon.colcon_core.environment:checking '/home/xiatenghui/saber_joint_controller/install/saber_control' for CMake config files
[33.200s] Level 1:colcon.colcon_core.shell:create_environment_hook('saber_control', 'cmake_prefix_path')
[33.201s] INFO:colcon.colcon_core.shell:Creating environment hook '/home/xiatenghui/saber_joint_controller/install/saber_control/share/saber_control/hook/cmake_prefix_path.ps1'
[33.203s] INFO:colcon.colcon_core.shell:Creating environment descriptor '/home/xiatenghui/saber_joint_controller/install/saber_control/share/saber_control/hook/cmake_prefix_path.dsv'
[33.205s] INFO:colcon.colcon_core.shell:Creating environment hook '/home/xiatenghui/saber_joint_controller/install/saber_control/share/saber_control/hook/cmake_prefix_path.sh'
[33.208s] Level 1:colcon.colcon_core.environment:checking '/home/xiatenghui/saber_joint_controller/install/saber_control/lib'
[33.208s] Level 1:colcon.colcon_core.environment:checking '/home/xiatenghui/saber_joint_controller/install/saber_control/bin'
[33.208s] Level 1:colcon.colcon_core.environment:checking '/home/xiatenghui/saber_joint_controller/install/saber_control/lib/pkgconfig/saber_control.pc'
[33.209s] Level 1:colcon.colcon_core.environment:checking '/home/xiatenghui/saber_joint_controller/install/saber_control/lib/python3.12/site-packages'
[33.210s] Level 1:colcon.colcon_core.environment:checking '/home/xiatenghui/saber_joint_controller/install/saber_control/bin'
[33.211s] INFO:colcon.colcon_core.shell:Creating package script '/home/xiatenghui/saber_joint_controller/install/saber_control/share/saber_control/package.ps1'
[33.214s] INFO:colcon.colcon_core.shell:Creating package descriptor '/home/xiatenghui/saber_joint_controller/install/saber_control/share/saber_control/package.dsv'
[33.216s] INFO:colcon.colcon_core.shell:Creating package script '/home/xiatenghui/saber_joint_controller/install/saber_control/share/saber_control/package.sh'
[33.219s] INFO:colcon.colcon_core.shell:Creating package script '/home/xiatenghui/saber_joint_controller/install/saber_control/share/saber_control/package.bash'
[33.221s] INFO:colcon.colcon_core.shell:Creating package script '/home/xiatenghui/saber_joint_controller/install/saber_control/share/saber_control/package.zsh'
[33.223s] Level 1:colcon.colcon_core.environment:create_file_with_runtime_dependencies(/home/xiatenghui/saber_joint_controller/install/saber_control/share/colcon-core/packages/saber_control)
[33.225s] DEBUG:colcon.colcon_parallel_executor.executor.parallel:closing loop
[33.226s] DEBUG:colcon.colcon_parallel_executor.executor.parallel:loop closed
[33.226s] DEBUG:colcon.colcon_parallel_executor.executor.parallel:run_until_complete finished with '0'
[33.227s] DEBUG:colcon.colcon_core.event_reactor:joining thread
[33.253s] INFO:colcon.colcon_core.plugin_system:Skipping extension 'colcon_notification.desktop_notification.notify_send': Could not find 'notify-send'
[33.253s] INFO:colcon.colcon_core.plugin_system:Skipping extension 'colcon_notification.desktop_notification.terminal_notifier': Not used on non-Darwin systems
[33.254s] INFO:colcon.colcon_core.plugin_system:Skipping extension 'colcon_notification.desktop_notification.win32': Not used on non-Windows systems
[33.254s] INFO:colcon.colcon_notification.desktop_notification:Sending desktop notification using 'notify2'
[33.261s] DEBUG:colcon.colcon_notification.desktop_notification.notify2:Failed to initialize notify2: org.freedesktop.DBus.Error.Spawn.ExecFailed: /usr/bin/dbus-launch terminated abnormally without any error message
[33.263s] DEBUG:colcon.colcon_core.event_reactor:joined thread
[33.266s] INFO:colcon.colcon_core.shell:Creating prefix script '/home/xiatenghui/saber_joint_controller/install/local_setup.ps1'
[33.271s] INFO:colcon.colcon_core.shell:Creating prefix util module '/home/xiatenghui/saber_joint_controller/install/_local_setup_util_ps1.py'
[33.277s] INFO:colcon.colcon_core.shell:Creating prefix chain script '/home/xiatenghui/saber_joint_controller/install/setup.ps1'
[33.282s] INFO:colcon.colcon_core.shell:Creating prefix script '/home/xiatenghui/saber_joint_controller/install/local_setup.sh'
[33.285s] INFO:colcon.colcon_core.shell:Creating prefix util module '/home/xiatenghui/saber_joint_controller/install/_local_setup_util_sh.py'
[33.288s] INFO:colcon.colcon_core.shell:Creating prefix chain script '/home/xiatenghui/saber_joint_controller/install/setup.sh'
[33.293s] INFO:colcon.colcon_core.shell:Creating prefix script '/home/xiatenghui/saber_joint_controller/install/local_setup.bash'
[33.295s] INFO:colcon.colcon_core.shell:Creating prefix chain script '/home/xiatenghui/saber_joint_controller/install/setup.bash'
[33.299s] INFO:colcon.colcon_core.shell:Creating prefix script '/home/xiatenghui/saber_joint_controller/install/local_setup.zsh'
[33.301s] INFO:colcon.colcon_core.shell:Creating prefix chain script '/home/xiatenghui/saber_joint_controller/install/setup.zsh'
