[0.063s] Invoking command in '/home/xiatenghui/saber_joint_controller/build/saber_control': CMAKE_PREFIX_PATH=${CMAKE_PREFIX_PATH}:/opt/ros/jazzy /usr/bin/cmake --build /home/xiatenghui/saber_joint_controller/build/saber_control -- -j8 -l8
[0.377s] [ 50%] Built target saber_joint_controller
[0.507s] [ 60%] [32mBuilding CXX object CMakeFiles/saber_dynamics_identification.dir/src/saber_dynamics_identification.cpp.o[0m
[16.123s] [01m[K/home/xiatenghui/saber_joint_controller/src/saber_control/src/saber_dynamics_identification.cpp:[m[K In member function ‘[01m[Krclcpp_action::GoalResponse saber_joint_controller::[01;32m[Khandle_goal[m[K(const rclcpp_action::GoalUUID&, std::shared_ptr<const control_msgs::action::FollowJointTrajectory_Goal_<std::allocator<void> > >)[m[K’:
[16.123s] [01m[K/home/xiatenghui/saber_joint_controller/src/saber_control/src/saber_dynamics_identification.cpp:170:44:[m[K [01;35m[Kwarning: [m[Kunused parameter ‘[01m[Kuuid[m[K’ [[01;35m[K]8;;https://gcc.gnu.org/onlinedocs/gcc/Warning-Options.html#index-Wunused-parameter-Wunused-parameter]8;;[m[K]
[16.124s]   170 |             [01;35m[Kconst rclcpp_action::GoalUUID& uuid[m[K,
[16.125s]       |             [01;35m[K~~~~~~~~~~~~~~~~~~~~~~~~~~~~~~~^~~~[m[K
[16.126s] [01m[K/home/xiatenghui/saber_joint_controller/src/saber_control/src/saber_dynamics_identification.cpp:[m[K In member function ‘[01m[Krclcpp_action::CancelResponse saber_joint_controller::[01;32m[Khandle_cancel[m[K(std::shared_ptr<rclcpp_action::ServerGoalHandle<control_msgs::action::FollowJointTrajectory> >)[m[K’:
[16.126s] [01m[K/home/xiatenghui/saber_joint_controller/src/saber_control/src/saber_dynamics_identification.cpp:192:47:[m[K [01;35m[Kwarning: [m[Kunused parameter ‘[01m[Kgoal_handle[m[K’ [[01;35m[K]8;;https://gcc.gnu.org/onlinedocs/gcc/Warning-Options.html#index-Wunused-parameter-Wunused-parameter]8;;[m[K]
[16.127s]   192 |             [01;35m[Kconst std::shared_ptr<GoalHandle> goal_handle[m[K)
[16.128s]       |             [01;35m[K~~~~~~~~~~~~~~~~~~~~~~~~~~~~~~~~~~^~~~~~~~~~~[m[K
[31.122s] [ 70%] [32m[1mLinking CXX executable saber_dynamics_identification[0m
[33.135s] [100%] Built target saber_dynamics_identification
[33.183s] Invoked command in '/home/xiatenghui/saber_joint_controller/build/saber_control' returned '0': CMAKE_PREFIX_PATH=${CMAKE_PREFIX_PATH}:/opt/ros/jazzy /usr/bin/cmake --build /home/xiatenghui/saber_joint_controller/build/saber_control -- -j8 -l8
[33.233s] Invoking command in '/home/xiatenghui/saber_joint_controller/build/saber_control': CMAKE_PREFIX_PATH=${CMAKE_PREFIX_PATH}:/opt/ros/jazzy /usr/bin/cmake --install /home/xiatenghui/saber_joint_controller/build/saber_control
[33.272s] -- Install configuration: ""
[33.274s] -- Up-to-date: /home/xiatenghui/saber_joint_controller/install/saber_control/lib/saber_control/saber_joint_controller
[33.276s] -- Installing: /home/xiatenghui/saber_joint_controller/install/saber_control/lib/saber_control/saber_dynamics_identification
[33.357s] -- Set non-toolchain portion of runtime path of "/home/xiatenghui/saber_joint_controller/install/saber_control/lib/saber_control/saber_dynamics_identification" to ""
[33.358s] -- Up-to-date: /home/xiatenghui/saber_joint_controller/install/saber_control/share/ament_index/resource_index/package_run_dependencies/saber_control
[33.361s] -- Up-to-date: /home/xiatenghui/saber_joint_controller/install/saber_control/share/ament_index/resource_index/parent_prefix_path/saber_control
[33.361s] -- Up-to-date: /home/xiatenghui/saber_joint_controller/install/saber_control/share/saber_control/environment/ament_prefix_path.sh
[33.362s] -- Up-to-date: /home/xiatenghui/saber_joint_controller/install/saber_control/share/saber_control/environment/ament_prefix_path.dsv
[33.363s] -- Up-to-date: /home/xiatenghui/saber_joint_controller/install/saber_control/share/saber_control/environment/path.sh
[33.365s] -- Up-to-date: /home/xiatenghui/saber_joint_controller/install/saber_control/share/saber_control/environment/path.dsv
[33.367s] -- Up-to-date: /home/xiatenghui/saber_joint_controller/install/saber_control/share/saber_control/local_setup.bash
[33.369s] -- Up-to-date: /home/xiatenghui/saber_joint_controller/install/saber_control/share/saber_control/local_setup.sh
[33.373s] -- Up-to-date: /home/xiatenghui/saber_joint_controller/install/saber_control/share/saber_control/local_setup.zsh
[33.374s] -- Up-to-date: /home/xiatenghui/saber_joint_controller/install/saber_control/share/saber_control/local_setup.dsv
[33.375s] -- Installing: /home/xiatenghui/saber_joint_controller/install/saber_control/share/saber_control/package.dsv
[33.377s] -- Up-to-date: /home/xiatenghui/saber_joint_controller/install/saber_control/share/ament_index/resource_index/packages/saber_control
[33.378s] -- Up-to-date: /home/xiatenghui/saber_joint_controller/install/saber_control/share/saber_control/cmake/saber_controlConfig.cmake
[33.379s] -- Up-to-date: /home/xiatenghui/saber_joint_controller/install/saber_control/share/saber_control/cmake/saber_controlConfig-version.cmake
[33.380s] -- Up-to-date: /home/xiatenghui/saber_joint_controller/install/saber_control/share/saber_control/package.xml
[33.381s] Invoked command in '/home/xiatenghui/saber_joint_controller/build/saber_control' returned '0': CMAKE_PREFIX_PATH=${CMAKE_PREFIX_PATH}:/opt/ros/jazzy /usr/bin/cmake --install /home/xiatenghui/saber_joint_controller/build/saber_control
