[0.481s] DEBUG:colcon:Command line arguments: ['/usr/bin/colcon', 'build']
[0.482s] DEBUG:colcon:Parsed command line arguments: Namespace(log_base=None, log_level=None, verb_name='build', build_base='build', install_base='install', merge_install=False, symlink_install=False, test_result_base=None, continue_on_error=False, executor='parallel', parallel_workers=8, event_handlers=None, ignore_user_meta=False, metas=['./colcon.meta'], base_paths=['.'], packages_ignore=None, packages_ignore_regex=None, paths=None, packages_up_to=None, packages_up_to_regex=None, packages_above=None, packages_above_and_dependencies=None, packages_above_depth=None, packages_select_by_dep=None, packages_skip_by_dep=None, packages_skip_up_to=None, packages_select_build_failed=False, packages_skip_build_finished=False, packages_select_test_failures=False, packages_skip_test_passed=False, packages_select=None, packages_skip=None, packages_select_regex=None, packages_skip_regex=None, packages_start=None, packages_end=None, cmake_args=None, cmake_target=None, cmake_target_skip_unavailable=False, cmake_clean_cache=False, cmake_clean_first=False, cmake_force_configure=False, ament_cmake_args=None, catkin_cmake_args=None, catkin_skip_building_tests=False, mixin_files=None, mixin=None, verb_parser=<colcon_mixin.mixin.mixin_argument.MixinArgumentDecorator object at 0xffffb71d5220>, verb_extension=<colcon_core.verb.build.BuildVerb object at 0xffffb73b9a00>, main=<bound method BuildVerb.main of <colcon_core.verb.build.BuildVerb object at 0xffffb73b9a00>>, mixin_verb=('build',))
[0.654s] Level 1:colcon.colcon_core.package_discovery:discover_packages(colcon_meta) check parameters
[0.656s] INFO:colcon.colcon_metadata.package_discovery.colcon_meta:Using configuration from '/root/.colcon/metadata/default/Gazebo.meta'
[0.658s] INFO:colcon.colcon_metadata.package_discovery.colcon_meta:Using configuration from '/root/.colcon/metadata/default/fastdds.meta'
[0.659s] INFO:colcon.colcon_metadata.package_discovery.colcon_meta:Using configuration from '/root/.colcon/metadata/default/fastrtps.meta'
[0.659s] Level 1:colcon.colcon_core.package_discovery:discover_packages(recursive) check parameters
[0.660s] Level 1:colcon.colcon_core.package_discovery:discover_packages(ignore) check parameters
[0.660s] Level 1:colcon.colcon_core.package_discovery:discover_packages(path) check parameters
[0.660s] Level 1:colcon.colcon_core.package_discovery:discover_packages(colcon_meta) discover
[0.660s] Level 1:colcon.colcon_core.package_discovery:discover_packages(recursive) discover
[0.660s] INFO:colcon.colcon_core.package_discovery:Crawling recursively for packages in '/home/xiatenghui/saber_joint_controller'
[0.661s] Level 1:colcon.colcon_core.package_identification:_identify(.) by extensions ['ignore', 'ignore_ament_install']
[0.662s] Level 1:colcon.colcon_core.package_identification:_identify(.) by extension 'ignore'
[0.662s] Level 1:colcon.colcon_core.package_identification:_identify(.) by extension 'ignore_ament_install'
[0.662s] Level 1:colcon.colcon_core.package_identification:_identify(.) by extensions ['colcon_pkg']
[0.662s] Level 1:colcon.colcon_core.package_identification:_identify(.) by extension 'colcon_pkg'
[0.663s] Level 1:colcon.colcon_core.package_identification:_identify(.) by extensions ['colcon_meta']
[0.663s] Level 1:colcon.colcon_core.package_identification:_identify(.) by extension 'colcon_meta'
[0.663s] Level 1:colcon.colcon_core.package_identification:_identify(.) by extensions ['ros']
[0.663s] Level 1:colcon.colcon_core.package_identification:_identify(.) by extension 'ros'
[0.780s] Level 1:colcon.colcon_core.package_identification:_identify(.) by extensions ['cmake', 'python']
[0.780s] Level 1:colcon.colcon_core.package_identification:_identify(.) by extension 'cmake'
[0.780s] Level 1:colcon.colcon_core.package_identification:_identify(.) by extension 'python'
[0.781s] Level 1:colcon.colcon_core.package_identification:_identify(.) by extensions ['python_setup_py']
[0.781s] Level 1:colcon.colcon_core.package_identification:_identify(.) by extension 'python_setup_py'
[0.781s] Level 1:colcon.colcon_core.package_identification:_identify(build) by extensions ['ignore', 'ignore_ament_install']
[0.782s] Level 1:colcon.colcon_core.package_identification:_identify(build) by extension 'ignore'
[0.782s] Level 1:colcon.colcon_core.package_identification:_identify(build) ignored
[0.783s] Level 1:colcon.colcon_core.package_identification:_identify(install) by extensions ['ignore', 'ignore_ament_install']
[0.783s] Level 1:colcon.colcon_core.package_identification:_identify(install) by extension 'ignore'
[0.784s] Level 1:colcon.colcon_core.package_identification:_identify(install) ignored
[0.784s] Level 1:colcon.colcon_core.package_identification:_identify(log) by extensions ['ignore', 'ignore_ament_install']
[0.785s] Level 1:colcon.colcon_core.package_identification:_identify(log) by extension 'ignore'
[0.785s] Level 1:colcon.colcon_core.package_identification:_identify(log) ignored
[0.785s] Level 1:colcon.colcon_core.package_identification:_identify(src) by extensions ['ignore', 'ignore_ament_install']
[0.786s] Level 1:colcon.colcon_core.package_identification:_identify(src) by extension 'ignore'
[0.786s] Level 1:colcon.colcon_core.package_identification:_identify(src) by extension 'ignore_ament_install'
[0.786s] Level 1:colcon.colcon_core.package_identification:_identify(src) by extensions ['colcon_pkg']
[0.787s] Level 1:colcon.colcon_core.package_identification:_identify(src) by extension 'colcon_pkg'
[0.787s] Level 1:colcon.colcon_core.package_identification:_identify(src) by extensions ['colcon_meta']
[0.787s] Level 1:colcon.colcon_core.package_identification:_identify(src) by extension 'colcon_meta'
[0.787s] Level 1:colcon.colcon_core.package_identification:_identify(src) by extensions ['ros']
[0.787s] Level 1:colcon.colcon_core.package_identification:_identify(src) by extension 'ros'
[0.788s] Level 1:colcon.colcon_core.package_identification:_identify(src) by extensions ['cmake', 'python']
[0.788s] Level 1:colcon.colcon_core.package_identification:_identify(src) by extension 'cmake'
[0.788s] Level 1:colcon.colcon_core.package_identification:_identify(src) by extension 'python'
[0.789s] Level 1:colcon.colcon_core.package_identification:_identify(src) by extensions ['python_setup_py']
[0.789s] Level 1:colcon.colcon_core.package_identification:_identify(src) by extension 'python_setup_py'
[0.789s] Level 1:colcon.colcon_core.package_identification:_identify(src/saber_control) by extensions ['ignore', 'ignore_ament_install']
[0.789s] Level 1:colcon.colcon_core.package_identification:_identify(src/saber_control) by extension 'ignore'
[0.790s] Level 1:colcon.colcon_core.package_identification:_identify(src/saber_control) by extension 'ignore_ament_install'
[0.790s] Level 1:colcon.colcon_core.package_identification:_identify(src/saber_control) by extensions ['colcon_pkg']
[0.790s] Level 1:colcon.colcon_core.package_identification:_identify(src/saber_control) by extension 'colcon_pkg'
[0.790s] Level 1:colcon.colcon_core.package_identification:_identify(src/saber_control) by extensions ['colcon_meta']
[0.791s] Level 1:colcon.colcon_core.package_identification:_identify(src/saber_control) by extension 'colcon_meta'
[0.791s] Level 1:colcon.colcon_core.package_identification:_identify(src/saber_control) by extensions ['ros']
[0.791s] Level 1:colcon.colcon_core.package_identification:_identify(src/saber_control) by extension 'ros'
[0.801s] DEBUG:colcon.colcon_core.package_identification:Package 'src/saber_control' with type 'ros.ament_cmake' and name 'saber_control'
[0.802s] Level 1:colcon.colcon_core.package_discovery:discover_packages(recursive) using defaults
[0.802s] Level 1:colcon.colcon_core.package_discovery:discover_packages(ignore) discover
[0.802s] Level 1:colcon.colcon_core.package_discovery:discover_packages(ignore) using defaults
[0.802s] Level 1:colcon.colcon_core.package_discovery:discover_packages(path) discover
[0.802s] Level 1:colcon.colcon_core.package_discovery:discover_packages(path) using defaults
[0.869s] Level 5:colcon.colcon_core.verb:set package 'saber_control' build argument 'cmake_args' from command line to 'None'
[0.870s] Level 5:colcon.colcon_core.verb:set package 'saber_control' build argument 'cmake_target' from command line to 'None'
[0.870s] Level 5:colcon.colcon_core.verb:set package 'saber_control' build argument 'cmake_target_skip_unavailable' from command line to 'False'
[0.870s] Level 5:colcon.colcon_core.verb:set package 'saber_control' build argument 'cmake_clean_cache' from command line to 'False'
[0.870s] Level 5:colcon.colcon_core.verb:set package 'saber_control' build argument 'cmake_clean_first' from command line to 'False'
[0.870s] Level 5:colcon.colcon_core.verb:set package 'saber_control' build argument 'cmake_force_configure' from command line to 'False'
[0.870s] Level 5:colcon.colcon_core.verb:set package 'saber_control' build argument 'ament_cmake_args' from command line to 'None'
[0.870s] Level 5:colcon.colcon_core.verb:set package 'saber_control' build argument 'catkin_cmake_args' from command line to 'None'
[0.870s] Level 5:colcon.colcon_core.verb:set package 'saber_control' build argument 'catkin_skip_building_tests' from command line to 'False'
[0.871s] DEBUG:colcon.colcon_core.verb:Building package 'saber_control' with the following arguments: {'ament_cmake_args': None, 'build_base': '/home/xiatenghui/saber_joint_controller/build/saber_control', 'catkin_cmake_args': None, 'catkin_skip_building_tests': False, 'cmake_args': None, 'cmake_clean_cache': False, 'cmake_clean_first': False, 'cmake_force_configure': False, 'cmake_target': None, 'cmake_target_skip_unavailable': False, 'install_base': '/home/xiatenghui/saber_joint_controller/install/saber_control', 'merge_install': False, 'path': '/home/xiatenghui/saber_joint_controller/src/saber_control', 'symlink_install': False, 'test_result_base': None}
[0.871s] INFO:colcon.colcon_core.executor:Executing jobs using 'parallel' executor
[0.875s] DEBUG:colcon.colcon_parallel_executor.executor.parallel:run_until_complete
[0.876s] INFO:colcon.colcon_ros.task.ament_cmake.build:Building ROS package in '/home/xiatenghui/saber_joint_controller/src/saber_control' with build type 'ament_cmake'
[0.877s] INFO:colcon.colcon_cmake.task.cmake.build:Building CMake package in '/home/xiatenghui/saber_joint_controller/src/saber_control'
[0.885s] INFO:colcon.colcon_core.plugin_system:Skipping extension 'colcon_core.shell.bat': Not used on non-Windows systems
[0.887s] INFO:colcon.colcon_core.shell:Skip shell extension 'powershell' for command environment: Not usable outside of PowerShell
[0.887s] DEBUG:colcon.colcon_core.shell:Skip shell extension 'dsv' for command environment
[0.938s] DEBUG:colcon.colcon_core.event_handler.log_command:Invoking command in '/home/xiatenghui/saber_joint_controller/build/saber_control': CMAKE_PREFIX_PATH=${CMAKE_PREFIX_PATH}:/opt/ros/jazzy /usr/bin/cmake --build /home/xiatenghui/saber_joint_controller/build/saber_control -- -j8 -l8
[23.961s] DEBUG:colcon.colcon_core.event_handler.log_command:Invoked command in '/home/xiatenghui/saber_joint_controller/build/saber_control' returned '2': CMAKE_PREFIX_PATH=${CMAKE_PREFIX_PATH}:/opt/ros/jazzy /usr/bin/cmake --build /home/xiatenghui/saber_joint_controller/build/saber_control -- -j8 -l8
[23.964s] Level 1:colcon.colcon_core.environment:create_environment_scripts_only(saber_control)
[23.983s] Level 1:colcon.colcon_core.environment:checking '/home/xiatenghui/saber_joint_controller/install/saber_control' for CMake module files
[23.989s] Level 1:colcon.colcon_core.environment:checking '/home/xiatenghui/saber_joint_controller/install/saber_control' for CMake config files
[23.990s] Level 1:colcon.colcon_core.shell:create_environment_hook('saber_control', 'cmake_prefix_path')
[23.992s] INFO:colcon.colcon_core.shell:Creating environment hook '/home/xiatenghui/saber_joint_controller/install/saber_control/share/saber_control/hook/cmake_prefix_path.ps1'
[23.997s] INFO:colcon.colcon_core.shell:Creating environment descriptor '/home/xiatenghui/saber_joint_controller/install/saber_control/share/saber_control/hook/cmake_prefix_path.dsv'
[24.000s] INFO:colcon.colcon_core.shell:Creating environment hook '/home/xiatenghui/saber_joint_controller/install/saber_control/share/saber_control/hook/cmake_prefix_path.sh'
[24.006s] Level 1:colcon.colcon_core.environment:checking '/home/xiatenghui/saber_joint_controller/install/saber_control/lib'
[24.007s] Level 1:colcon.colcon_core.environment:checking '/home/xiatenghui/saber_joint_controller/install/saber_control/bin'
[24.008s] Level 1:colcon.colcon_core.environment:checking '/home/xiatenghui/saber_joint_controller/install/saber_control/lib/pkgconfig/saber_control.pc'
[24.017s] Level 1:colcon.colcon_core.environment:checking '/home/xiatenghui/saber_joint_controller/install/saber_control/lib/python3.12/site-packages'
[24.019s] Level 1:colcon.colcon_core.environment:checking '/home/xiatenghui/saber_joint_controller/install/saber_control/bin'
[24.020s] INFO:colcon.colcon_core.shell:Creating package script '/home/xiatenghui/saber_joint_controller/install/saber_control/share/saber_control/package.ps1'
[24.023s] INFO:colcon.colcon_core.shell:Creating package descriptor '/home/xiatenghui/saber_joint_controller/install/saber_control/share/saber_control/package.dsv'
[24.027s] INFO:colcon.colcon_core.shell:Creating package script '/home/xiatenghui/saber_joint_controller/install/saber_control/share/saber_control/package.sh'
[24.031s] INFO:colcon.colcon_core.shell:Creating package script '/home/xiatenghui/saber_joint_controller/install/saber_control/share/saber_control/package.bash'
[24.034s] INFO:colcon.colcon_core.shell:Creating package script '/home/xiatenghui/saber_joint_controller/install/saber_control/share/saber_control/package.zsh'
[24.037s] Level 1:colcon.colcon_core.environment:create_file_with_runtime_dependencies(/home/xiatenghui/saber_joint_controller/install/saber_control/share/colcon-core/packages/saber_control)
[24.039s] DEBUG:colcon.colcon_parallel_executor.executor.parallel:closing loop
[24.040s] DEBUG:colcon.colcon_parallel_executor.executor.parallel:loop closed
[24.041s] DEBUG:colcon.colcon_parallel_executor.executor.parallel:run_until_complete finished with '2'
[24.042s] DEBUG:colcon.colcon_core.event_reactor:joining thread
[24.065s] INFO:colcon.colcon_core.plugin_system:Skipping extension 'colcon_notification.desktop_notification.notify_send': Could not find 'notify-send'
[24.065s] INFO:colcon.colcon_core.plugin_system:Skipping extension 'colcon_notification.desktop_notification.terminal_notifier': Not used on non-Darwin systems
[24.065s] INFO:colcon.colcon_core.plugin_system:Skipping extension 'colcon_notification.desktop_notification.win32': Not used on non-Windows systems
[24.066s] INFO:colcon.colcon_notification.desktop_notification:Sending desktop notification using 'notify2'
[24.072s] DEBUG:colcon.colcon_notification.desktop_notification.notify2:Failed to initialize notify2: org.freedesktop.DBus.Error.Spawn.ExecFailed: /usr/bin/dbus-launch terminated abnormally without any error message
[24.074s] DEBUG:colcon.colcon_core.event_reactor:joined thread
[24.077s] INFO:colcon.colcon_core.shell:Creating prefix script '/home/xiatenghui/saber_joint_controller/install/local_setup.ps1'
[24.082s] INFO:colcon.colcon_core.shell:Creating prefix util module '/home/xiatenghui/saber_joint_controller/install/_local_setup_util_ps1.py'
[24.088s] INFO:colcon.colcon_core.shell:Creating prefix chain script '/home/xiatenghui/saber_joint_controller/install/setup.ps1'
[24.100s] INFO:colcon.colcon_core.shell:Creating prefix script '/home/xiatenghui/saber_joint_controller/install/local_setup.sh'
[24.103s] INFO:colcon.colcon_core.shell:Creating prefix util module '/home/xiatenghui/saber_joint_controller/install/_local_setup_util_sh.py'
[24.107s] INFO:colcon.colcon_core.shell:Creating prefix chain script '/home/xiatenghui/saber_joint_controller/install/setup.sh'
[24.112s] INFO:colcon.colcon_core.shell:Creating prefix script '/home/xiatenghui/saber_joint_controller/install/local_setup.bash'
[24.114s] INFO:colcon.colcon_core.shell:Creating prefix chain script '/home/xiatenghui/saber_joint_controller/install/setup.bash'
[24.119s] INFO:colcon.colcon_core.shell:Creating prefix script '/home/xiatenghui/saber_joint_controller/install/local_setup.zsh'
[24.121s] INFO:colcon.colcon_core.shell:Creating prefix chain script '/home/xiatenghui/saber_joint_controller/install/setup.zsh'
