[0.057s] Invoking command in '/home/xiatenghui/saber_joint_controller/build/saber_control': CMAKE_PREFIX_PATH=${CMAKE_PREFIX_PATH}:/opt/ros/jazzy /usr/bin/cmake --build /home/xiatenghui/saber_joint_controller/build/saber_control -- -j8 -l8
[0.443s] [ 20%] [32mBuilding CXX object CMakeFiles/saber_joint_controller.dir/src/saber_joint_controller.cpp.o[0m
[15.979s] [01m[K/home/xiatenghui/saber_joint_controller/src/saber_control/src/saber_joint_controller.cpp:[m[K In member function ‘[01m[Krclcpp_action::GoalResponse saber_joint_controller::[01;32m[Khandle_goal[m[K(const rclcpp_action::GoalUUID&, std::shared_ptr<const control_msgs::action::FollowJointTrajectory_Goal_<std::allocator<void> > >)[m[K’:
[15.980s] [01m[K/home/xiatenghui/saber_joint_controller/src/saber_control/src/saber_joint_controller.cpp:154:44:[m[K [01;35m[Kwarning: [m[Kunused parameter ‘[01m[Kuuid[m[K’ [[01;35m[K]8;;https://gcc.gnu.org/onlinedocs/gcc/Warning-Options.html#index-Wunused-parameter-Wunused-parameter]8;;[m[K]
[15.981s]   154 |             [01;35m[Kconst rclcpp_action::GoalUUID& uuid[m[K,
[15.982s]       |             [01;35m[K~~~~~~~~~~~~~~~~~~~~~~~~~~~~~~~^~~~[m[K
[15.982s] [01m[K/home/xiatenghui/saber_joint_controller/src/saber_control/src/saber_joint_controller.cpp:[m[K In member function ‘[01m[Krclcpp_action::CancelResponse saber_joint_controller::[01;32m[Khandle_cancel[m[K(std::shared_ptr<rclcpp_action::ServerGoalHandle<control_msgs::action::FollowJointTrajectory> >)[m[K’:
[15.983s] [01m[K/home/xiatenghui/saber_joint_controller/src/saber_control/src/saber_joint_controller.cpp:176:47:[m[K [01;35m[Kwarning: [m[Kunused parameter ‘[01m[Kgoal_handle[m[K’ [[01;35m[K]8;;https://gcc.gnu.org/onlinedocs/gcc/Warning-Options.html#index-Wunused-parameter-Wunused-parameter]8;;[m[K]
[15.983s]   176 |             [01;35m[Kconst std::shared_ptr<GoalHandle> goal_handle[m[K)
[15.984s]       |             [01;35m[K~~~~~~~~~~~~~~~~~~~~~~~~~~~~~~~~~~^~~~~~~~~~~[m[K
[29.745s] [ 40%] [32m[1mLinking CXX executable saber_joint_controller[0m
[31.779s] [100%] Built target saber_joint_controller
[31.829s] Invoked command in '/home/xiatenghui/saber_joint_controller/build/saber_control' returned '0': CMAKE_PREFIX_PATH=${CMAKE_PREFIX_PATH}:/opt/ros/jazzy /usr/bin/cmake --build /home/xiatenghui/saber_joint_controller/build/saber_control -- -j8 -l8
[31.868s] Invoking command in '/home/xiatenghui/saber_joint_controller/build/saber_control': CMAKE_PREFIX_PATH=${CMAKE_PREFIX_PATH}:/opt/ros/jazzy /usr/bin/cmake --install /home/xiatenghui/saber_joint_controller/build/saber_control
[31.904s] -- Install configuration: ""
[31.905s] -- Installing: /home/xiatenghui/saber_joint_controller/install/saber_control/lib/saber_control/saber_joint_controller
[31.957s] -- Set non-toolchain portion of runtime path of "/home/xiatenghui/saber_joint_controller/install/saber_control/lib/saber_control/saber_joint_controller" to ""
[31.959s] -- Up-to-date: /home/xiatenghui/saber_joint_controller/install/saber_control/share/ament_index/resource_index/package_run_dependencies/saber_control
[31.960s] -- Up-to-date: /home/xiatenghui/saber_joint_controller/install/saber_control/share/ament_index/resource_index/parent_prefix_path/saber_control
[31.961s] -- Up-to-date: /home/xiatenghui/saber_joint_controller/install/saber_control/share/saber_control/environment/ament_prefix_path.sh
[31.962s] -- Up-to-date: /home/xiatenghui/saber_joint_controller/install/saber_control/share/saber_control/environment/ament_prefix_path.dsv
[31.962s] -- Up-to-date: /home/xiatenghui/saber_joint_controller/install/saber_control/share/saber_control/environment/path.sh
[31.963s] -- Up-to-date: /home/xiatenghui/saber_joint_controller/install/saber_control/share/saber_control/environment/path.dsv
[31.963s] -- Up-to-date: /home/xiatenghui/saber_joint_controller/install/saber_control/share/saber_control/local_setup.bash
[31.964s] -- Up-to-date: /home/xiatenghui/saber_joint_controller/install/saber_control/share/saber_control/local_setup.sh
[31.965s] -- Up-to-date: /home/xiatenghui/saber_joint_controller/install/saber_control/share/saber_control/local_setup.zsh
[31.968s] -- Up-to-date: /home/xiatenghui/saber_joint_controller/install/saber_control/share/saber_control/local_setup.dsv
[31.972s] -- Installing: /home/xiatenghui/saber_joint_controller/install/saber_control/share/saber_control/package.dsv
[31.973s] -- Up-to-date: /home/xiatenghui/saber_joint_controller/install/saber_control/share/ament_index/resource_index/packages/saber_control
[31.975s] -- Up-to-date: /home/xiatenghui/saber_joint_controller/install/saber_control/share/saber_control/cmake/saber_controlConfig.cmake
[31.976s] -- Up-to-date: /home/xiatenghui/saber_joint_controller/install/saber_control/share/saber_control/cmake/saber_controlConfig-version.cmake
[31.977s] -- Up-to-date: /home/xiatenghui/saber_joint_controller/install/saber_control/share/saber_control/package.xml
[31.978s] Invoked command in '/home/xiatenghui/saber_joint_controller/build/saber_control' returned '0': CMAKE_PREFIX_PATH=${CMAKE_PREFIX_PATH}:/opt/ros/jazzy /usr/bin/cmake --install /home/xiatenghui/saber_joint_controller/build/saber_control
