[0.066s] Invoking command in '/home/xiatenghui/saber_joint_controller/build/saber_control': CMAKE_PREFIX_PATH=${CMAKE_PREFIX_PATH}:/opt/ros/jazzy /usr/bin/cmake --build /home/xiatenghui/saber_joint_controller/build/saber_control -- -j8 -l8
[0.471s] [ 20%] [32mBuilding CXX object CMakeFiles/saber_joint_controller.dir/src/saber_joint_controller.cpp.o[0m
[16.119s] [01m[K/home/xiatenghui/saber_joint_controller/src/saber_control/src/saber_joint_controller.cpp:[m[K In member function ‘[01m[Krclcpp_action::GoalResponse saber_joint_controller::[01;32m[Khandle_goal[m[K(const rclcpp_action::GoalUUID&, std::shared_ptr<const control_msgs::action::FollowJointTrajectory_Goal_<std::allocator<void> > >)[m[K’:
[16.120s] [01m[K/home/xiatenghui/saber_joint_controller/src/saber_control/src/saber_joint_controller.cpp:154:44:[m[K [01;35m[Kwarning: [m[Kunused parameter ‘[01m[Kuuid[m[K’ [[01;35m[K]8;;https://gcc.gnu.org/onlinedocs/gcc/Warning-Options.html#index-Wunused-parameter-Wunused-parameter]8;;[m[K]
[16.121s]   154 |             [01;35m[Kconst rclcpp_action::GoalUUID& uuid[m[K,
[16.121s]       |             [01;35m[K~~~~~~~~~~~~~~~~~~~~~~~~~~~~~~~^~~~[m[K
[16.122s] [01m[K/home/xiatenghui/saber_joint_controller/src/saber_control/src/saber_joint_controller.cpp:[m[K In member function ‘[01m[Krclcpp_action::CancelResponse saber_joint_controller::[01;32m[Khandle_cancel[m[K(std::shared_ptr<rclcpp_action::ServerGoalHandle<control_msgs::action::FollowJointTrajectory> >)[m[K’:
[16.122s] [01m[K/home/xiatenghui/saber_joint_controller/src/saber_control/src/saber_joint_controller.cpp:176:47:[m[K [01;35m[Kwarning: [m[Kunused parameter ‘[01m[Kgoal_handle[m[K’ [[01;35m[K]8;;https://gcc.gnu.org/onlinedocs/gcc/Warning-Options.html#index-Wunused-parameter-Wunused-parameter]8;;[m[K]
[16.123s]   176 |             [01;35m[Kconst std::shared_ptr<GoalHandle> goal_handle[m[K)
[16.123s]       |             [01;35m[K~~~~~~~~~~~~~~~~~~~~~~~~~~~~~~~~~~^~~~~~~~~~~[m[K
[30.149s] [ 40%] [32m[1mLinking CXX executable saber_joint_controller[0m
[32.134s] [100%] Built target saber_joint_controller
[32.184s] Invoked command in '/home/xiatenghui/saber_joint_controller/build/saber_control' returned '0': CMAKE_PREFIX_PATH=${CMAKE_PREFIX_PATH}:/opt/ros/jazzy /usr/bin/cmake --build /home/xiatenghui/saber_joint_controller/build/saber_control -- -j8 -l8
[32.230s] Invoking command in '/home/xiatenghui/saber_joint_controller/build/saber_control': CMAKE_PREFIX_PATH=${CMAKE_PREFIX_PATH}:/opt/ros/jazzy /usr/bin/cmake --install /home/xiatenghui/saber_joint_controller/build/saber_control
[32.267s] -- Install configuration: ""
[32.268s] -- Installing: /home/xiatenghui/saber_joint_controller/install/saber_control/lib/saber_control/saber_joint_controller
[32.323s] -- Set non-toolchain portion of runtime path of "/home/xiatenghui/saber_joint_controller/install/saber_control/lib/saber_control/saber_joint_controller" to ""
[32.325s] -- Up-to-date: /home/xiatenghui/saber_joint_controller/install/saber_control/share/ament_index/resource_index/package_run_dependencies/saber_control
[32.327s] -- Up-to-date: /home/xiatenghui/saber_joint_controller/install/saber_control/share/ament_index/resource_index/parent_prefix_path/saber_control
[32.328s] -- Up-to-date: /home/xiatenghui/saber_joint_controller/install/saber_control/share/saber_control/environment/ament_prefix_path.sh
[32.329s] -- Up-to-date: /home/xiatenghui/saber_joint_controller/install/saber_control/share/saber_control/environment/ament_prefix_path.dsv
[32.330s] -- Up-to-date: /home/xiatenghui/saber_joint_controller/install/saber_control/share/saber_control/environment/path.sh
[32.331s] -- Up-to-date: /home/xiatenghui/saber_joint_controller/install/saber_control/share/saber_control/environment/path.dsv
[32.334s] -- Up-to-date: /home/xiatenghui/saber_joint_controller/install/saber_control/share/saber_control/local_setup.bash
[32.335s] -- Up-to-date: /home/xiatenghui/saber_joint_controller/install/saber_control/share/saber_control/local_setup.sh
[32.336s] -- Up-to-date: /home/xiatenghui/saber_joint_controller/install/saber_control/share/saber_control/local_setup.zsh
[32.337s] -- Up-to-date: /home/xiatenghui/saber_joint_controller/install/saber_control/share/saber_control/local_setup.dsv
[32.338s] -- Installing: /home/xiatenghui/saber_joint_controller/install/saber_control/share/saber_control/package.dsv
[32.340s] -- Up-to-date: /home/xiatenghui/saber_joint_controller/install/saber_control/share/ament_index/resource_index/packages/saber_control
[32.341s] -- Up-to-date: /home/xiatenghui/saber_joint_controller/install/saber_control/share/saber_control/cmake/saber_controlConfig.cmake
[32.341s] -- Up-to-date: /home/xiatenghui/saber_joint_controller/install/saber_control/share/saber_control/cmake/saber_controlConfig-version.cmake
[32.342s] -- Up-to-date: /home/xiatenghui/saber_joint_controller/install/saber_control/share/saber_control/package.xml
[32.343s] Invoked command in '/home/xiatenghui/saber_joint_controller/build/saber_control' returned '0': CMAKE_PREFIX_PATH=${CMAKE_PREFIX_PATH}:/opt/ros/jazzy /usr/bin/cmake --install /home/xiatenghui/saber_joint_controller/build/saber_control
