-- Found ament_cmake: 2.5.4 (/opt/ros/jazzy/share/ament_cmake/cmake)
-- Found rclcpp: 28.1.12 (/opt/ros/jazzy/share/rclcpp/cmake)
-- Found rosidl_generator_c: 4.6.6 (/opt/ros/jazzy/share/rosidl_generator_c/cmake)
-- Found rosidl_generator_cpp: 4.6.6 (/opt/ros/jazzy/share/rosidl_generator_cpp/cmake)
-- Using all available rosidl_typesupport_c: rosidl_typesupport_fastrtps_c;rosidl_typesupport_introspection_c
-- Using all available rosidl_typesupport_cpp: rosidl_typesupport_fastrtps_cpp;rosidl_typesupport_introspection_cpp
-- Found rmw_implementation_cmake: 7.3.2 (/opt/ros/jazzy/share/rmw_implementation_cmake/cmake)
-- Found rmw_fastrtps_cpp: 8.4.3 (/opt/ros/jazzy/share/rmw_fastrtps_cpp/cmake)
-- Using RMW implementation 'rmw_fastrtps_cpp' as default
-- Found rclcpp_action: 28.1.13 (/opt/ros/jazzy/share/rclcpp_action/cmake)
-- Found control_msgs: 5.5.0 (/opt/ros/jazzy/share/control_msgs/cmake)
-- Found ament_lint_auto: 0.17.3 (/opt/ros/jazzy/share/ament_lint_auto/cmake)
-- Added test 'cppcheck' to perform static code analysis on C / C++ code
-- Configured cppcheck include dirs: /home/xiatenghui/saber_joint_controller/src/saber_control/include
-- Configured cppcheck exclude dirs and/or files: 
-- Added test 'lint_cmake' to check CMake code style
-- Added test 'uncrustify' to check C / C++ code style
-- Configured uncrustify additional arguments: 
-- Added test 'xmllint' to check XML markup files
-- Configuring done (3.7s)
-- Generating done (0.1s)
-- Build files have been written to: /home/xiatenghui/saber_joint_controller/build/saber_control
[  6%] [32mBuilding CXX object CMakeFiles/saber_gravity_compensation.dir/src/disturbance_observer.cpp.o[0m
[ 13%] [32mBuilding CXX object CMakeFiles/saber_gravity_compensation.dir/src/saber_get_regression.cpp.o[0m
[ 20%] [32mBuilding CXX object CMakeFiles/saber_gravity_compensation.dir/src/Cybergear_control.cpp.o[0m
[ 26%] [32mBuilding CXX object CMakeFiles/saber_gravity_compensation.dir/src/saber_gravity_compensation.cpp.o[0m
[ 33%] [32mBuilding CXX object CMakeFiles/saber_dynamics_identification.dir/src/saber_dynamics_identification.cpp.o[0m
[ 66%] Built target saber_joint_controller
[ 73%] [32m[1mLinking CXX executable saber_dynamics_identification[0m
[ 93%] Built target saber_dynamics_identification
