[0.058s] Invoking command in '/home/xiatenghui/saber_joint_controller/build/saber_control': CMAKE_PREFIX_PATH=${CMAKE_PREFIX_PATH}:/opt/ros/jazzy /usr/bin/cmake /home/xiatenghui/saber_joint_controller/src/saber_control -DCMAKE_INSTALL_PREFIX=/home/xiatenghui/saber_joint_controller/install/saber_control
[0.500s] -- The C compiler identification is GNU 13.3.0
[0.876s] -- The CXX compiler identification is GNU 13.3.0
[0.963s] -- Detecting C compiler ABI info
[1.399s] -- Detecting C compiler ABI info - done
[1.460s] -- Check for working C compiler: /usr/bin/cc - skipped
[1.463s] -- Detecting C compile features
[1.467s] -- Detecting C compile features - done
[1.509s] -- Detecting CXX compiler ABI info
[1.961s] -- Detecting CXX compiler ABI info - done
[2.014s] -- Check for working CXX compiler: /usr/bin/c++ - skipped
[2.015s] -- Detecting CXX compile features
[2.018s] -- Detecting CXX compile features - done
[2.061s] -- Found ament_cmake: 2.5.4 (/opt/ros/jazzy/share/ament_cmake/cmake)
[2.888s] -- Found Python3: /usr/bin/python3 (found version "3.12.3") found components: Interpreter 
[3.583s] -- Found rclcpp: 28.1.12 (/opt/ros/jazzy/share/rclcpp/cmake)
[3.937s] -- Found rosidl_generator_c: 4.6.6 (/opt/ros/jazzy/share/rosidl_generator_c/cmake)
[4.056s] -- Found rosidl_generator_cpp: 4.6.6 (/opt/ros/jazzy/share/rosidl_generator_cpp/cmake)
[4.194s] -- Using all available rosidl_typesupport_c: rosidl_typesupport_fastrtps_c;rosidl_typesupport_introspection_c
[4.333s] -- Using all available rosidl_typesupport_cpp: rosidl_typesupport_fastrtps_cpp;rosidl_typesupport_introspection_cpp
[4.808s] -- Found rmw_implementation_cmake: 7.3.2 (/opt/ros/jazzy/share/rmw_implementation_cmake/cmake)
[4.834s] -- Found rmw_fastrtps_cpp: 8.4.3 (/opt/ros/jazzy/share/rmw_fastrtps_cpp/cmake)
[5.277s] -- Found OpenSSL: /usr/lib/aarch64-linux-gnu/libcrypto.so (found version "3.0.13")  
[5.356s] -- Found FastRTPS: /opt/ros/jazzy/include (Required is at least version "2.13") 
[5.448s] -- Using RMW implementation 'rmw_fastrtps_cpp' as default
[5.839s] -- Found control_msgs: 5.5.0 (/opt/ros/jazzy/share/control_msgs/cmake)
[6.523s] -- Found ament_lint_auto: 0.17.3 (/opt/ros/jazzy/share/ament_lint_auto/cmake)
[7.130s] -- Added test 'cppcheck' to perform static code analysis on C / C++ code
[7.131s] -- Configured cppcheck include dirs: /home/xiatenghui/saber_joint_controller/src/saber_control/include
[7.132s] -- Configured cppcheck exclude dirs and/or files: 
[7.139s] -- Added test 'lint_cmake' to check CMake code style
[7.149s] -- Added test 'uncrustify' to check C / C++ code style
[7.149s] -- Configured uncrustify additional arguments: 
[7.154s] -- Added test 'xmllint' to check XML markup files
[7.168s] -- Configuring done (7.1s)
[7.253s] [31mCMake Error at CMakeLists.txt:28 (target_link_libraries):
[7.254s]   Target "saber_joint_controller" links to:
[7.254s] 
[7.255s]     Eigen3::Eigen
[7.255s] 
[7.256s]   but the target was not found.  Possible reasons include:
[7.256s] 
[7.257s]     * There is a typo in the target name.
[7.257s]     * A find_package call is missing for an IMPORTED target.
[7.258s]     * An ALIAS target is missing.
[7.258s] 
[7.259s] 
[7.259s] [0m
[7.260s] -- Generating done (0.0s)
[7.261s] [0mCMake Generate step failed.  Build files cannot be regenerated correctly.[0m
[7.299s] Invoked command in '/home/xiatenghui/saber_joint_controller/build/saber_control' returned '1': CMAKE_PREFIX_PATH=${CMAKE_PREFIX_PATH}:/opt/ros/jazzy /usr/bin/cmake /home/xiatenghui/saber_joint_controller/src/saber_control -DCMAKE_INSTALL_PREFIX=/home/xiatenghui/saber_joint_controller/install/saber_control
