[0.453s] DEBUG:colcon:Command line arguments: ['/usr/bin/colcon', 'build']
[0.454s] DEBUG:colcon:Parsed command line arguments: Namespace(log_base=None, log_level=None, verb_name='build', build_base='build', install_base='install', merge_install=False, symlink_install=False, test_result_base=None, continue_on_error=False, executor='parallel', parallel_workers=8, event_handlers=None, ignore_user_meta=False, metas=['./colcon.meta'], base_paths=['.'], packages_ignore=None, packages_ignore_regex=None, paths=None, packages_up_to=None, packages_up_to_regex=None, packages_above=None, packages_above_and_dependencies=None, packages_above_depth=None, packages_select_by_dep=None, packages_skip_by_dep=None, packages_skip_up_to=None, packages_select_build_failed=False, packages_skip_build_finished=False, packages_select_test_failures=False, packages_skip_test_passed=False, packages_select=None, packages_skip=None, packages_select_regex=None, packages_skip_regex=None, packages_start=None, packages_end=None, cmake_args=None, cmake_target=None, cmake_target_skip_unavailable=False, cmake_clean_cache=False, cmake_clean_first=False, cmake_force_configure=False, ament_cmake_args=None, catkin_cmake_args=None, catkin_skip_building_tests=False, mixin_files=None, mixin=None, verb_parser=<colcon_mixin.mixin.mixin_argument.MixinArgumentDecorator object at 0xffffa558d310>, verb_extension=<colcon_core.verb.build.BuildVerb object at 0xffffa577d130>, main=<bound method BuildVerb.main of <colcon_core.verb.build.BuildVerb object at 0xffffa577d130>>, mixin_verb=('build',))
[0.622s] Level 1:colcon.colcon_core.package_discovery:discover_packages(colcon_meta) check parameters
[0.624s] INFO:colcon.colcon_metadata.package_discovery.colcon_meta:Using configuration from '/root/.colcon/metadata/default/Gazebo.meta'
[0.626s] INFO:colcon.colcon_metadata.package_discovery.colcon_meta:Using configuration from '/root/.colcon/metadata/default/fastdds.meta'
[0.628s] INFO:colcon.colcon_metadata.package_discovery.colcon_meta:Using configuration from '/root/.colcon/metadata/default/fastrtps.meta'
[0.628s] Level 1:colcon.colcon_core.package_discovery:discover_packages(recursive) check parameters
[0.628s] Level 1:colcon.colcon_core.package_discovery:discover_packages(ignore) check parameters
[0.628s] Level 1:colcon.colcon_core.package_discovery:discover_packages(path) check parameters
[0.629s] Level 1:colcon.colcon_core.package_discovery:discover_packages(colcon_meta) discover
[0.629s] Level 1:colcon.colcon_core.package_discovery:discover_packages(recursive) discover
[0.629s] INFO:colcon.colcon_core.package_discovery:Crawling recursively for packages in '/home/xiatenghui/saber_joint_controller'
[0.630s] Level 1:colcon.colcon_core.package_identification:_identify(.) by extensions ['ignore', 'ignore_ament_install']
[0.630s] Level 1:colcon.colcon_core.package_identification:_identify(.) by extension 'ignore'
[0.630s] Level 1:colcon.colcon_core.package_identification:_identify(.) by extension 'ignore_ament_install'
[0.631s] Level 1:colcon.colcon_core.package_identification:_identify(.) by extensions ['colcon_pkg']
[0.631s] Level 1:colcon.colcon_core.package_identification:_identify(.) by extension 'colcon_pkg'
[0.631s] Level 1:colcon.colcon_core.package_identification:_identify(.) by extensions ['colcon_meta']
[0.631s] Level 1:colcon.colcon_core.package_identification:_identify(.) by extension 'colcon_meta'
[0.631s] Level 1:colcon.colcon_core.package_identification:_identify(.) by extensions ['ros']
[0.631s] Level 1:colcon.colcon_core.package_identification:_identify(.) by extension 'ros'
[0.735s] Level 1:colcon.colcon_core.package_identification:_identify(.) by extensions ['cmake', 'python']
[0.735s] Level 1:colcon.colcon_core.package_identification:_identify(.) by extension 'cmake'
[0.735s] Level 1:colcon.colcon_core.package_identification:_identify(.) by extension 'python'
[0.735s] Level 1:colcon.colcon_core.package_identification:_identify(.) by extensions ['python_setup_py']
[0.735s] Level 1:colcon.colcon_core.package_identification:_identify(.) by extension 'python_setup_py'
[0.736s] Level 1:colcon.colcon_core.package_identification:_identify(build) by extensions ['ignore', 'ignore_ament_install']
[0.736s] Level 1:colcon.colcon_core.package_identification:_identify(build) by extension 'ignore'
[0.737s] Level 1:colcon.colcon_core.package_identification:_identify(build) ignored
[0.737s] Level 1:colcon.colcon_core.package_identification:_identify(install) by extensions ['ignore', 'ignore_ament_install']
[0.738s] Level 1:colcon.colcon_core.package_identification:_identify(install) by extension 'ignore'
[0.738s] Level 1:colcon.colcon_core.package_identification:_identify(install) ignored
[0.739s] Level 1:colcon.colcon_core.package_identification:_identify(log) by extensions ['ignore', 'ignore_ament_install']
[0.739s] Level 1:colcon.colcon_core.package_identification:_identify(log) by extension 'ignore'
[0.739s] Level 1:colcon.colcon_core.package_identification:_identify(log) ignored
[0.740s] Level 1:colcon.colcon_core.package_identification:_identify(src) by extensions ['ignore', 'ignore_ament_install']
[0.740s] Level 1:colcon.colcon_core.package_identification:_identify(src) by extension 'ignore'
[0.740s] Level 1:colcon.colcon_core.package_identification:_identify(src) by extension 'ignore_ament_install'
[0.741s] Level 1:colcon.colcon_core.package_identification:_identify(src) by extensions ['colcon_pkg']
[0.741s] Level 1:colcon.colcon_core.package_identification:_identify(src) by extension 'colcon_pkg'
[0.741s] Level 1:colcon.colcon_core.package_identification:_identify(src) by extensions ['colcon_meta']
[0.741s] Level 1:colcon.colcon_core.package_identification:_identify(src) by extension 'colcon_meta'
[0.741s] Level 1:colcon.colcon_core.package_identification:_identify(src) by extensions ['ros']
[0.742s] Level 1:colcon.colcon_core.package_identification:_identify(src) by extension 'ros'
[0.742s] Level 1:colcon.colcon_core.package_identification:_identify(src) by extensions ['cmake', 'python']
[0.742s] Level 1:colcon.colcon_core.package_identification:_identify(src) by extension 'cmake'
[0.742s] Level 1:colcon.colcon_core.package_identification:_identify(src) by extension 'python'
[0.743s] Level 1:colcon.colcon_core.package_identification:_identify(src) by extensions ['python_setup_py']
[0.743s] Level 1:colcon.colcon_core.package_identification:_identify(src) by extension 'python_setup_py'
[0.743s] Level 1:colcon.colcon_core.package_identification:_identify(src/saber_control) by extensions ['ignore', 'ignore_ament_install']
[0.743s] Level 1:colcon.colcon_core.package_identification:_identify(src/saber_control) by extension 'ignore'
[0.744s] Level 1:colcon.colcon_core.package_identification:_identify(src/saber_control) by extension 'ignore_ament_install'
[0.744s] Level 1:colcon.colcon_core.package_identification:_identify(src/saber_control) by extensions ['colcon_pkg']
[0.744s] Level 1:colcon.colcon_core.package_identification:_identify(src/saber_control) by extension 'colcon_pkg'
[0.744s] Level 1:colcon.colcon_core.package_identification:_identify(src/saber_control) by extensions ['colcon_meta']
[0.744s] Level 1:colcon.colcon_core.package_identification:_identify(src/saber_control) by extension 'colcon_meta'
[0.745s] Level 1:colcon.colcon_core.package_identification:_identify(src/saber_control) by extensions ['ros']
[0.745s] Level 1:colcon.colcon_core.package_identification:_identify(src/saber_control) by extension 'ros'
[0.755s] DEBUG:colcon.colcon_core.package_identification:Package 'src/saber_control' with type 'ros.ament_cmake' and name 'saber_control'
[0.756s] Level 1:colcon.colcon_core.package_identification:_identify(src/saber_py) by extensions ['ignore', 'ignore_ament_install']
[0.756s] Level 1:colcon.colcon_core.package_identification:_identify(src/saber_py) by extension 'ignore'
[0.756s] Level 1:colcon.colcon_core.package_identification:_identify(src/saber_py) by extension 'ignore_ament_install'
[0.757s] Level 1:colcon.colcon_core.package_identification:_identify(src/saber_py) by extensions ['colcon_pkg']
[0.757s] Level 1:colcon.colcon_core.package_identification:_identify(src/saber_py) by extension 'colcon_pkg'
[0.757s] Level 1:colcon.colcon_core.package_identification:_identify(src/saber_py) by extensions ['colcon_meta']
[0.757s] Level 1:colcon.colcon_core.package_identification:_identify(src/saber_py) by extension 'colcon_meta'
[0.757s] Level 1:colcon.colcon_core.package_identification:_identify(src/saber_py) by extensions ['ros']
[0.758s] Level 1:colcon.colcon_core.package_identification:_identify(src/saber_py) by extension 'ros'
[0.760s] DEBUG:colcon.colcon_core.package_identification:Package 'src/saber_py' with type 'ros.ament_python' and name 'saber_py'
[0.760s] Level 1:colcon.colcon_core.package_discovery:discover_packages(recursive) using defaults
[0.760s] Level 1:colcon.colcon_core.package_discovery:discover_packages(ignore) discover
[0.760s] Level 1:colcon.colcon_core.package_discovery:discover_packages(ignore) using defaults
[0.760s] Level 1:colcon.colcon_core.package_discovery:discover_packages(path) discover
[0.760s] Level 1:colcon.colcon_core.package_discovery:discover_packages(path) using defaults
[0.829s] Level 5:colcon.colcon_core.verb:set package 'saber_control' build argument 'cmake_args' from command line to 'None'
[0.830s] Level 5:colcon.colcon_core.verb:set package 'saber_control' build argument 'cmake_target' from command line to 'None'
[0.830s] Level 5:colcon.colcon_core.verb:set package 'saber_control' build argument 'cmake_target_skip_unavailable' from command line to 'False'
[0.830s] Level 5:colcon.colcon_core.verb:set package 'saber_control' build argument 'cmake_clean_cache' from command line to 'False'
[0.830s] Level 5:colcon.colcon_core.verb:set package 'saber_control' build argument 'cmake_clean_first' from command line to 'False'
[0.830s] Level 5:colcon.colcon_core.verb:set package 'saber_control' build argument 'cmake_force_configure' from command line to 'False'
[0.830s] Level 5:colcon.colcon_core.verb:set package 'saber_control' build argument 'ament_cmake_args' from command line to 'None'
[0.830s] Level 5:colcon.colcon_core.verb:set package 'saber_control' build argument 'catkin_cmake_args' from command line to 'None'
[0.831s] Level 5:colcon.colcon_core.verb:set package 'saber_control' build argument 'catkin_skip_building_tests' from command line to 'False'
[0.831s] DEBUG:colcon.colcon_core.verb:Building package 'saber_control' with the following arguments: {'ament_cmake_args': None, 'build_base': '/home/xiatenghui/saber_joint_controller/build/saber_control', 'catkin_cmake_args': None, 'catkin_skip_building_tests': False, 'cmake_args': None, 'cmake_clean_cache': False, 'cmake_clean_first': False, 'cmake_force_configure': False, 'cmake_target': None, 'cmake_target_skip_unavailable': False, 'install_base': '/home/xiatenghui/saber_joint_controller/install/saber_control', 'merge_install': False, 'path': '/home/xiatenghui/saber_joint_controller/src/saber_control', 'symlink_install': False, 'test_result_base': None}
[0.832s] Level 5:colcon.colcon_core.verb:set package 'saber_py' build argument 'cmake_args' from command line to 'None'
[0.832s] Level 5:colcon.colcon_core.verb:set package 'saber_py' build argument 'cmake_target' from command line to 'None'
[0.832s] Level 5:colcon.colcon_core.verb:set package 'saber_py' build argument 'cmake_target_skip_unavailable' from command line to 'False'
[0.832s] Level 5:colcon.colcon_core.verb:set package 'saber_py' build argument 'cmake_clean_cache' from command line to 'False'
[0.832s] Level 5:colcon.colcon_core.verb:set package 'saber_py' build argument 'cmake_clean_first' from command line to 'False'
[0.832s] Level 5:colcon.colcon_core.verb:set package 'saber_py' build argument 'cmake_force_configure' from command line to 'False'
[0.833s] Level 5:colcon.colcon_core.verb:set package 'saber_py' build argument 'ament_cmake_args' from command line to 'None'
[0.833s] Level 5:colcon.colcon_core.verb:set package 'saber_py' build argument 'catkin_cmake_args' from command line to 'None'
[0.833s] Level 5:colcon.colcon_core.verb:set package 'saber_py' build argument 'catkin_skip_building_tests' from command line to 'False'
[0.833s] DEBUG:colcon.colcon_core.verb:Building package 'saber_py' with the following arguments: {'ament_cmake_args': None, 'build_base': '/home/xiatenghui/saber_joint_controller/build/saber_py', 'catkin_cmake_args': None, 'catkin_skip_building_tests': False, 'cmake_args': None, 'cmake_clean_cache': False, 'cmake_clean_first': False, 'cmake_force_configure': False, 'cmake_target': None, 'cmake_target_skip_unavailable': False, 'install_base': '/home/xiatenghui/saber_joint_controller/install/saber_py', 'merge_install': False, 'path': '/home/xiatenghui/saber_joint_controller/src/saber_py', 'symlink_install': False, 'test_result_base': None}
[0.833s] INFO:colcon.colcon_core.executor:Executing jobs using 'parallel' executor
[0.837s] DEBUG:colcon.colcon_parallel_executor.executor.parallel:run_until_complete
[0.838s] INFO:colcon.colcon_ros.task.ament_cmake.build:Building ROS package in '/home/xiatenghui/saber_joint_controller/src/saber_control' with build type 'ament_cmake'
[0.839s] INFO:colcon.colcon_cmake.task.cmake.build:Building CMake package in '/home/xiatenghui/saber_joint_controller/src/saber_control'
[0.847s] INFO:colcon.colcon_core.plugin_system:Skipping extension 'colcon_core.shell.bat': Not used on non-Windows systems
[0.848s] INFO:colcon.colcon_core.shell:Skip shell extension 'powershell' for command environment: Not usable outside of PowerShell
[0.848s] DEBUG:colcon.colcon_core.shell:Skip shell extension 'dsv' for command environment
[0.870s] INFO:colcon.colcon_ros.task.ament_python.build:Building ROS package in '/home/xiatenghui/saber_joint_controller/src/saber_py' with build type 'ament_python'
[0.871s] Level 1:colcon.colcon_core.shell:create_environment_hook('saber_py', 'ament_prefix_path')
[0.872s] INFO:colcon.colcon_core.shell:Creating environment hook '/home/xiatenghui/saber_joint_controller/install/saber_py/share/saber_py/hook/ament_prefix_path.ps1'
[0.875s] INFO:colcon.colcon_core.shell:Creating environment descriptor '/home/xiatenghui/saber_joint_controller/install/saber_py/share/saber_py/hook/ament_prefix_path.dsv'
[0.877s] INFO:colcon.colcon_core.shell:Creating environment hook '/home/xiatenghui/saber_joint_controller/install/saber_py/share/saber_py/hook/ament_prefix_path.sh'
[0.880s] INFO:colcon.colcon_core.shell:Skip shell extension 'powershell' for command environment: Not usable outside of PowerShell
[0.880s] DEBUG:colcon.colcon_core.shell:Skip shell extension 'dsv' for command environment
[0.925s] DEBUG:colcon.colcon_core.event_handler.log_command:Invoking command in '/home/xiatenghui/saber_joint_controller/build/saber_control': CMAKE_PREFIX_PATH=${CMAKE_PREFIX_PATH}:/opt/ros/jazzy /usr/bin/cmake --build /home/xiatenghui/saber_joint_controller/build/saber_control -- -j8 -l8
[1.794s] INFO:colcon.colcon_core.task.python.build:Building Python package in '/home/xiatenghui/saber_joint_controller/src/saber_py'
[1.796s] INFO:colcon.colcon_core.shell:Skip shell extension 'powershell' for command environment: Not usable outside of PowerShell
[1.796s] DEBUG:colcon.colcon_core.shell:Skip shell extension 'dsv' for command environment
[4.165s] DEBUG:colcon.colcon_core.event_handler.log_command:Invoking command in '/home/xiatenghui/saber_joint_controller/src/saber_py': PYTHONPATH=/home/xiatenghui/saber_joint_controller/build/saber_py/prefix_override:/usr/lib/python3/dist-packages/colcon_core/task/python/colcon_distutils_commands:/home/xiatenghui/saber_joint_controller/install/saber_py/lib/python3.12/site-packages:${PYTHONPATH} /usr/bin/python3 -W ignore:setup.py install is deprecated -W ignore:easy_install command is deprecated setup.py egg_info --egg-base ../../build/saber_py build --build-base /home/xiatenghui/saber_joint_controller/build/saber_py/build install --record /home/xiatenghui/saber_joint_controller/build/saber_py/install.log --single-version-externally-managed install_data
[6.448s] DEBUG:colcon.colcon_core.event_handler.log_command:Invoked command in '/home/xiatenghui/saber_joint_controller/src/saber_py' returned '0': PYTHONPATH=/home/xiatenghui/saber_joint_controller/build/saber_py/prefix_override:/usr/lib/python3/dist-packages/colcon_core/task/python/colcon_distutils_commands:/home/xiatenghui/saber_joint_controller/install/saber_py/lib/python3.12/site-packages:${PYTHONPATH} /usr/bin/python3 -W ignore:setup.py install is deprecated -W ignore:easy_install command is deprecated setup.py egg_info --egg-base ../../build/saber_py build --build-base /home/xiatenghui/saber_joint_controller/build/saber_py/build install --record /home/xiatenghui/saber_joint_controller/build/saber_py/install.log --single-version-externally-managed install_data
[6.459s] Level 1:colcon.colcon_core.environment:checking '/home/xiatenghui/saber_joint_controller/install/saber_py' for CMake module files
[6.462s] Level 1:colcon.colcon_core.environment:checking '/home/xiatenghui/saber_joint_controller/install/saber_py' for CMake config files
[6.467s] Level 1:colcon.colcon_core.environment:checking '/home/xiatenghui/saber_joint_controller/install/saber_py/lib'
[6.468s] Level 1:colcon.colcon_core.environment:checking '/home/xiatenghui/saber_joint_controller/install/saber_py/bin'
[6.468s] Level 1:colcon.colcon_core.environment:checking '/home/xiatenghui/saber_joint_controller/install/saber_py/lib/pkgconfig/saber_py.pc'
[6.469s] Level 1:colcon.colcon_core.environment:checking '/home/xiatenghui/saber_joint_controller/install/saber_py/lib/python3.12/site-packages'
[6.470s] Level 1:colcon.colcon_core.shell:create_environment_hook('saber_py', 'pythonpath')
[6.471s] INFO:colcon.colcon_core.shell:Creating environment hook '/home/xiatenghui/saber_joint_controller/install/saber_py/share/saber_py/hook/pythonpath.ps1'
[6.475s] INFO:colcon.colcon_core.shell:Creating environment descriptor '/home/xiatenghui/saber_joint_controller/install/saber_py/share/saber_py/hook/pythonpath.dsv'
[6.478s] INFO:colcon.colcon_core.shell:Creating environment hook '/home/xiatenghui/saber_joint_controller/install/saber_py/share/saber_py/hook/pythonpath.sh'
[6.483s] Level 1:colcon.colcon_core.environment:checking '/home/xiatenghui/saber_joint_controller/install/saber_py/bin'
[6.483s] Level 1:colcon.colcon_core.environment:create_environment_scripts_only(saber_py)
[6.484s] INFO:colcon.colcon_core.shell:Creating package script '/home/xiatenghui/saber_joint_controller/install/saber_py/share/saber_py/package.ps1'
[6.487s] INFO:colcon.colcon_core.shell:Creating package descriptor '/home/xiatenghui/saber_joint_controller/install/saber_py/share/saber_py/package.dsv'
[6.490s] INFO:colcon.colcon_core.shell:Creating package script '/home/xiatenghui/saber_joint_controller/install/saber_py/share/saber_py/package.sh'
[6.493s] INFO:colcon.colcon_core.shell:Creating package script '/home/xiatenghui/saber_joint_controller/install/saber_py/share/saber_py/package.bash'
[6.497s] INFO:colcon.colcon_core.shell:Creating package script '/home/xiatenghui/saber_joint_controller/install/saber_py/share/saber_py/package.zsh'
[6.500s] Level 1:colcon.colcon_core.environment:create_file_with_runtime_dependencies(/home/xiatenghui/saber_joint_controller/install/saber_py/share/colcon-core/packages/saber_py)
[35.461s] DEBUG:colcon.colcon_core.event_handler.log_command:Invoked command in '/home/xiatenghui/saber_joint_controller/build/saber_control' returned '0': CMAKE_PREFIX_PATH=${CMAKE_PREFIX_PATH}:/opt/ros/jazzy /usr/bin/cmake --build /home/xiatenghui/saber_joint_controller/build/saber_control -- -j8 -l8
[35.511s] DEBUG:colcon.colcon_core.event_handler.log_command:Invoking command in '/home/xiatenghui/saber_joint_controller/build/saber_control': CMAKE_PREFIX_PATH=${CMAKE_PREFIX_PATH}:/opt/ros/jazzy /usr/bin/cmake --install /home/xiatenghui/saber_joint_controller/build/saber_control
[35.689s] Level 1:colcon.colcon_core.environment:create_environment_scripts_only(saber_control)
[35.690s] Level 1:colcon.colcon_core.environment:checking '/home/xiatenghui/saber_joint_controller/install/saber_control' for CMake module files
[35.693s] DEBUG:colcon.colcon_core.event_handler.log_command:Invoked command in '/home/xiatenghui/saber_joint_controller/build/saber_control' returned '0': CMAKE_PREFIX_PATH=${CMAKE_PREFIX_PATH}:/opt/ros/jazzy /usr/bin/cmake --install /home/xiatenghui/saber_joint_controller/build/saber_control
[35.695s] Level 1:colcon.colcon_core.environment:checking '/home/xiatenghui/saber_joint_controller/install/saber_control' for CMake config files
[35.696s] Level 1:colcon.colcon_core.shell:create_environment_hook('saber_control', 'cmake_prefix_path')
[35.698s] INFO:colcon.colcon_core.shell:Creating environment hook '/home/xiatenghui/saber_joint_controller/install/saber_control/share/saber_control/hook/cmake_prefix_path.ps1'
[35.701s] INFO:colcon.colcon_core.shell:Creating environment descriptor '/home/xiatenghui/saber_joint_controller/install/saber_control/share/saber_control/hook/cmake_prefix_path.dsv'
[35.704s] INFO:colcon.colcon_core.shell:Creating environment hook '/home/xiatenghui/saber_joint_controller/install/saber_control/share/saber_control/hook/cmake_prefix_path.sh'
[35.707s] Level 1:colcon.colcon_core.environment:checking '/home/xiatenghui/saber_joint_controller/install/saber_control/lib'
[35.707s] Level 1:colcon.colcon_core.environment:checking '/home/xiatenghui/saber_joint_controller/install/saber_control/bin'
[35.708s] Level 1:colcon.colcon_core.environment:checking '/home/xiatenghui/saber_joint_controller/install/saber_control/lib/pkgconfig/saber_control.pc'
[35.709s] Level 1:colcon.colcon_core.environment:checking '/home/xiatenghui/saber_joint_controller/install/saber_control/lib/python3.12/site-packages'
[35.711s] Level 1:colcon.colcon_core.environment:checking '/home/xiatenghui/saber_joint_controller/install/saber_control/bin'
[35.712s] INFO:colcon.colcon_core.shell:Creating package script '/home/xiatenghui/saber_joint_controller/install/saber_control/share/saber_control/package.ps1'
[35.714s] INFO:colcon.colcon_core.shell:Creating package descriptor '/home/xiatenghui/saber_joint_controller/install/saber_control/share/saber_control/package.dsv'
[35.717s] INFO:colcon.colcon_core.shell:Creating package script '/home/xiatenghui/saber_joint_controller/install/saber_control/share/saber_control/package.sh'
[35.719s] INFO:colcon.colcon_core.shell:Creating package script '/home/xiatenghui/saber_joint_controller/install/saber_control/share/saber_control/package.bash'
[35.722s] INFO:colcon.colcon_core.shell:Creating package script '/home/xiatenghui/saber_joint_controller/install/saber_control/share/saber_control/package.zsh'
[35.724s] Level 1:colcon.colcon_core.environment:create_file_with_runtime_dependencies(/home/xiatenghui/saber_joint_controller/install/saber_control/share/colcon-core/packages/saber_control)
[35.726s] Level 1:colcon.colcon_core.environment:create_environment_scripts_only(saber_control)
[35.727s] Level 1:colcon.colcon_core.environment:checking '/home/xiatenghui/saber_joint_controller/install/saber_control' for CMake module files
[35.729s] Level 1:colcon.colcon_core.environment:checking '/home/xiatenghui/saber_joint_controller/install/saber_control' for CMake config files
[35.731s] Level 1:colcon.colcon_core.shell:create_environment_hook('saber_control', 'cmake_prefix_path')
[35.731s] INFO:colcon.colcon_core.shell:Creating environment hook '/home/xiatenghui/saber_joint_controller/install/saber_control/share/saber_control/hook/cmake_prefix_path.ps1'
[35.733s] INFO:colcon.colcon_core.shell:Creating environment descriptor '/home/xiatenghui/saber_joint_controller/install/saber_control/share/saber_control/hook/cmake_prefix_path.dsv'
[35.735s] INFO:colcon.colcon_core.shell:Creating environment hook '/home/xiatenghui/saber_joint_controller/install/saber_control/share/saber_control/hook/cmake_prefix_path.sh'
[35.738s] Level 1:colcon.colcon_core.environment:checking '/home/xiatenghui/saber_joint_controller/install/saber_control/lib'
[35.738s] Level 1:colcon.colcon_core.environment:checking '/home/xiatenghui/saber_joint_controller/install/saber_control/bin'
[35.738s] Level 1:colcon.colcon_core.environment:checking '/home/xiatenghui/saber_joint_controller/install/saber_control/lib/pkgconfig/saber_control.pc'
[35.739s] Level 1:colcon.colcon_core.environment:checking '/home/xiatenghui/saber_joint_controller/install/saber_control/lib/python3.12/site-packages'
[35.740s] Level 1:colcon.colcon_core.environment:checking '/home/xiatenghui/saber_joint_controller/install/saber_control/bin'
[35.741s] INFO:colcon.colcon_core.shell:Creating package script '/home/xiatenghui/saber_joint_controller/install/saber_control/share/saber_control/package.ps1'
[35.744s] INFO:colcon.colcon_core.shell:Creating package descriptor '/home/xiatenghui/saber_joint_controller/install/saber_control/share/saber_control/package.dsv'
[35.746s] INFO:colcon.colcon_core.shell:Creating package script '/home/xiatenghui/saber_joint_controller/install/saber_control/share/saber_control/package.sh'
[35.749s] INFO:colcon.colcon_core.shell:Creating package script '/home/xiatenghui/saber_joint_controller/install/saber_control/share/saber_control/package.bash'
[35.751s] INFO:colcon.colcon_core.shell:Creating package script '/home/xiatenghui/saber_joint_controller/install/saber_control/share/saber_control/package.zsh'
[35.752s] Level 1:colcon.colcon_core.environment:create_file_with_runtime_dependencies(/home/xiatenghui/saber_joint_controller/install/saber_control/share/colcon-core/packages/saber_control)
[35.756s] DEBUG:colcon.colcon_parallel_executor.executor.parallel:closing loop
[35.758s] DEBUG:colcon.colcon_parallel_executor.executor.parallel:loop closed
[35.758s] DEBUG:colcon.colcon_parallel_executor.executor.parallel:run_until_complete finished with '0'
[35.759s] DEBUG:colcon.colcon_core.event_reactor:joining thread
[35.791s] INFO:colcon.colcon_core.plugin_system:Skipping extension 'colcon_notification.desktop_notification.notify_send': Could not find 'notify-send'
[35.791s] INFO:colcon.colcon_core.plugin_system:Skipping extension 'colcon_notification.desktop_notification.terminal_notifier': Not used on non-Darwin systems
[35.792s] INFO:colcon.colcon_core.plugin_system:Skipping extension 'colcon_notification.desktop_notification.win32': Not used on non-Windows systems
[35.792s] INFO:colcon.colcon_notification.desktop_notification:Sending desktop notification using 'notify2'
[35.799s] DEBUG:colcon.colcon_notification.desktop_notification.notify2:Failed to initialize notify2: org.freedesktop.DBus.Error.Spawn.ExecFailed: /usr/bin/dbus-launch terminated abnormally without any error message
[35.801s] DEBUG:colcon.colcon_core.event_reactor:joined thread
[35.805s] INFO:colcon.colcon_core.shell:Creating prefix script '/home/xiatenghui/saber_joint_controller/install/local_setup.ps1'
[35.811s] INFO:colcon.colcon_core.shell:Creating prefix util module '/home/xiatenghui/saber_joint_controller/install/_local_setup_util_ps1.py'
[35.817s] INFO:colcon.colcon_core.shell:Creating prefix chain script '/home/xiatenghui/saber_joint_controller/install/setup.ps1'
[35.822s] INFO:colcon.colcon_core.shell:Creating prefix script '/home/xiatenghui/saber_joint_controller/install/local_setup.sh'
[35.825s] INFO:colcon.colcon_core.shell:Creating prefix util module '/home/xiatenghui/saber_joint_controller/install/_local_setup_util_sh.py'
[35.829s] INFO:colcon.colcon_core.shell:Creating prefix chain script '/home/xiatenghui/saber_joint_controller/install/setup.sh'
[35.836s] INFO:colcon.colcon_core.shell:Creating prefix script '/home/xiatenghui/saber_joint_controller/install/local_setup.bash'
[35.840s] INFO:colcon.colcon_core.shell:Creating prefix chain script '/home/xiatenghui/saber_joint_controller/install/setup.bash'
[35.847s] INFO:colcon.colcon_core.shell:Creating prefix script '/home/xiatenghui/saber_joint_controller/install/local_setup.zsh'
[35.851s] INFO:colcon.colcon_core.shell:Creating prefix chain script '/home/xiatenghui/saber_joint_controller/install/setup.zsh'
